<?xml version="1.0" encoding="UTF-8"?>
<coverage generated="1667143469879" clover="3.2.0">
  <project timestamp="1667143469880" name="All files">
    <metrics statements="365" coveredstatements="232" conditionals="150" coveredconditionals="79" methods="110" coveredmethods="65" elements="625" coveredelements="376" complexity="0" loc="365" ncloc="365" packages="5" files="27" classes="27"/>
    <package name="src">
      <metrics statements="1" coveredstatements="1" conditionals="0" coveredconditionals="0" methods="1" coveredmethods="1"/>
      <file name="App.js" path="/home/carol/Projetos/sd-024-b-project-recipes-app/src/App.js">
        <metrics statements="1" coveredstatements="1" conditionals="0" coveredconditionals="0" methods="1" coveredmethods="1"/>
        <line num="16" count="13" type="stmt"/>
      </file>
    </package>
    <package name="src.components">
      <metrics statements="222" coveredstatements="139" conditionals="122" coveredconditionals="69" methods="64" coveredmethods="41"/>
      <file name="Carousel.js" path="/home/carol/Projetos/sd-024-b-project-recipes-app/src/components/Carousel.js">
        <metrics statements="32" coveredstatements="17" conditionals="12" coveredconditionals="1" methods="11" coveredmethods="4"/>
        <line num="6" count="8" type="stmt"/>
        <line num="7" count="8" type="stmt"/>
        <line num="9" count="8" type="stmt"/>
        <line num="11" count="8" type="stmt"/>
        <line num="12" count="0" type="stmt"/>
        <line num="13" count="0" type="stmt"/>
        <line num="16" count="8" type="stmt"/>
        <line num="17" count="2" type="stmt"/>
        <line num="18" count="1" type="stmt"/>
        <line num="21" count="8" type="stmt"/>
        <line num="22" count="2" type="stmt"/>
        <line num="23" count="2" type="stmt"/>
        <line num="24" count="2" type="cond" truecount="1" falsecount="1"/>
        <line num="25" count="1" type="stmt"/>
        <line num="27" count="2" type="stmt"/>
        <line num="30" count="8" type="stmt"/>
        <line num="31" count="0" type="stmt"/>
        <line num="32" count="0" type="stmt"/>
        <line num="33" count="0" type="cond" truecount="0" falsecount="2"/>
        <line num="34" count="0" type="stmt"/>
        <line num="35" count="0" type="cond" truecount="0" falsecount="2"/>
        <line num="36" count="0" type="stmt"/>
        <line num="40" count="8" type="stmt"/>
        <line num="41" count="0" type="stmt"/>
        <line num="42" count="0" type="cond" truecount="0" falsecount="2"/>
        <line num="43" count="0" type="stmt"/>
        <line num="44" count="0" type="cond" truecount="0" falsecount="2"/>
        <line num="45" count="0" type="stmt"/>
        <line num="49" count="8" type="stmt"/>
        <line num="50" count="0" type="cond" truecount="0" falsecount="2"/>
        <line num="52" count="8" type="stmt"/>
        <line num="62" count="0" type="stmt"/>
      </file>
      <file name="CategoryControls.js" path="/home/carol/Projetos/sd-024-b-project-recipes-app/src/components/CategoryControls.js">
        <metrics statements="30" coveredstatements="14" conditionals="12" coveredconditionals="5" methods="5" coveredmethods="4"/>
        <line num="13" count="26" type="stmt"/>
        <line num="16" count="26" type="stmt"/>
        <line num="17" count="2" type="cond" truecount="1" falsecount="1"/>
        <line num="18" count="2" type="cond" truecount="3" falsecount="1"/>
        <line num="19" count="0" type="stmt"/>
        <line num="20" count="0" type="stmt"/>
        <line num="21" count="0" type="stmt"/>
        <line num="22" count="0" type="stmt"/>
        <line num="24" count="2" type="stmt"/>
        <line num="25" count="2" type="stmt"/>
        <line num="26" count="2" type="stmt"/>
        <line num="27" count="2" type="stmt"/>
        <line num="28" count="2" type="stmt"/>
        <line num="29" count="2" type="stmt"/>
        <line num="32" count="2" type="cond" truecount="1" falsecount="1"/>
        <line num="33" count="0" type="cond" truecount="0" falsecount="4"/>
        <line num="34" count="0" type="stmt"/>
        <line num="35" count="0" type="stmt"/>
        <line num="36" count="0" type="stmt"/>
        <line num="37" count="0" type="stmt"/>
        <line num="39" count="0" type="stmt"/>
        <line num="40" count="0" type="stmt"/>
        <line num="41" count="0" type="stmt"/>
        <line num="42" count="0" type="stmt"/>
        <line num="43" count="0" type="stmt"/>
        <line num="44" count="0" type="stmt"/>
        <line num="48" count="26" type="stmt"/>
        <line num="52" count="60" type="stmt"/>
        <line num="57" count="2" type="stmt"/>
        <line num="67" count="0" type="stmt"/>
      </file>
      <file name="DoneRecipes.js" path="/home/carol/Projetos/sd-024-b-project-recipes-app/src/components/DoneRecipes.js">
        <metrics statements="30" coveredstatements="0" conditionals="16" coveredconditionals="0" methods="11" coveredmethods="0"/>
        <line num="10" count="0" type="stmt"/>
        <line num="11" count="0" type="stmt"/>
        <line num="12" count="0" type="stmt"/>
        <line num="16" count="0" type="stmt"/>
        <line num="17" count="0" type="cond" truecount="0" falsecount="2"/>
        <line num="18" count="0" type="stmt"/>
        <line num="20" count="0" type="cond" truecount="0" falsecount="2"/>
        <line num="21" count="0" type="stmt"/>
        <line num="25" count="0" type="stmt"/>
        <line num="26" count="0" type="stmt"/>
        <line num="27" count="0" type="cond" truecount="0" falsecount="2"/>
        <line num="28" count="0" type="stmt"/>
        <line num="29" count="0" type="stmt"/>
        <line num="31" count="0" type="stmt"/>
        <line num="33" count="0" type="cond" truecount="0" falsecount="2"/>
        <line num="34" count="0" type="stmt"/>
        <line num="35" count="0" type="stmt"/>
        <line num="37" count="0" type="stmt"/>
        <line num="39" count="0" type="stmt"/>
        <line num="41" count="0" type="stmt"/>
        <line num="48" count="0" type="stmt"/>
        <line num="49" count="0" type="stmt"/>
        <line num="58" count="0" type="stmt"/>
        <line num="59" count="0" type="stmt"/>
        <line num="68" count="0" type="stmt"/>
        <line num="69" count="0" type="stmt"/>
        <line num="76" count="0" type="stmt"/>
        <line num="111" count="0" type="stmt"/>
        <line num="112" count="0" type="stmt"/>
        <line num="121" count="0" type="stmt"/>
      </file>
      <file name="Footer.js" path="/home/carol/Projetos/sd-024-b-project-recipes-app/src/components/Footer.js">
        <metrics statements="5" coveredstatements="5" conditionals="0" coveredconditionals="0" methods="3" coveredmethods="3"/>
        <line num="7" count="38" type="stmt"/>
        <line num="9" count="38" type="stmt"/>
        <line num="14" count="38" type="stmt"/>
        <line num="24" count="2" type="stmt"/>
        <line num="31" count="1" type="stmt"/>
      </file>
      <file name="Header.js" path="/home/carol/Projetos/sd-024-b-project-recipes-app/src/components/Header.js">
        <metrics statements="7" coveredstatements="7" conditionals="6" coveredconditionals="6" methods="3" coveredmethods="3"/>
        <line num="9" count="85" type="stmt"/>
        <line num="10" count="85" type="stmt"/>
        <line num="11" count="85" type="stmt"/>
        <line num="12" count="85" type="stmt"/>
        <line num="33" count="8" type="stmt"/>
        <line num="49" count="39" type="stmt"/>
        <line num="58" count="6" type="stmt"/>
      </file>
      <file name="Login.js" path="/home/carol/Projetos/sd-024-b-project-recipes-app/src/components/Login.js">
        <metrics statements="22" coveredstatements="22" conditionals="4" coveredconditionals="4" methods="7" coveredmethods="7"/>
        <line num="6" count="299" type="stmt"/>
        <line num="7" count="299" type="stmt"/>
        <line num="8" count="299" type="stmt"/>
        <line num="9" count="299" type="stmt"/>
        <line num="11" count="299" type="stmt"/>
        <line num="12" count="153" type="stmt"/>
        <line num="13" count="153" type="stmt"/>
        <line num="16" count="299" type="stmt"/>
        <line num="17" count="54" type="stmt"/>
        <line num="18" count="54" type="stmt"/>
        <line num="21" count="299" type="stmt"/>
        <line num="22" count="5" type="stmt"/>
        <line num="23" count="5" type="stmt"/>
        <line num="24" count="5" type="stmt"/>
        <line num="25" count="5" type="stmt"/>
        <line num="28" count="299" type="stmt"/>
        <line num="29" count="153" type="cond" truecount="4" falsecount="0"/>
        <line num="30" count="9" type="stmt"/>
        <line num="32" count="144" type="stmt"/>
        <line num="36" count="299" type="stmt"/>
        <line num="46" count="101" type="stmt"/>
        <line num="56" count="45" type="stmt"/>
      </file>
      <file name="Profile.js" path="/home/carol/Projetos/sd-024-b-project-recipes-app/src/components/Profile.js">
        <metrics statements="8" coveredstatements="8" conditionals="2" coveredconditionals="2" methods="3" coveredmethods="3"/>
        <line num="5" count="7" type="stmt"/>
        <line num="7" count="7" type="stmt"/>
        <line num="8" count="6" type="stmt"/>
        <line num="9" count="6" type="cond" truecount="2" falsecount="0"/>
        <line num="10" count="1" type="stmt"/>
        <line num="14" count="7" type="stmt"/>
        <line num="15" count="1" type="stmt"/>
        <line num="18" count="7" type="stmt"/>
      </file>
      <file name="RecipeCard.js" path="/home/carol/Projetos/sd-024-b-project-recipes-app/src/components/RecipeCard.js">
        <metrics statements="2" coveredstatements="2" conditionals="0" coveredconditionals="0" methods="1" coveredmethods="1"/>
        <line num="6" count="80" type="stmt"/>
        <line num="21" count="5" type="stmt"/>
      </file>
      <file name="RecipeDetailCard.js" path="/home/carol/Projetos/sd-024-b-project-recipes-app/src/components/RecipeDetailCard.js">
        <metrics statements="10" coveredstatements="8" conditionals="10" coveredconditionals="5" methods="5" coveredmethods="3"/>
        <line num="7" count="8" type="stmt"/>
        <line num="8" count="8" type="stmt"/>
        <line num="9" count="8" type="stmt"/>
        <line num="15" count="8" type="stmt"/>
        <line num="16" count="8" type="stmt"/>
        <line num="18" count="8" type="stmt"/>
        <line num="23" count="2" type="stmt"/>
        <line num="34" count="40" type="stmt"/>
        <line num="51" count="0" type="stmt"/>
        <line num="62" count="0" type="stmt"/>
      </file>
      <file name="Recipes.js" path="/home/carol/Projetos/sd-024-b-project-recipes-app/src/components/Recipes.js">
        <metrics statements="16" coveredstatements="16" conditionals="20" coveredconditionals="20" methods="5" coveredmethods="5"/>
        <line num="19" count="26" type="stmt"/>
        <line num="22" count="26" type="stmt"/>
        <line num="24" count="26" type="stmt"/>
        <line num="25" count="11" type="stmt"/>
        <line num="28" count="26" type="stmt"/>
        <line num="29" count="2" type="stmt"/>
        <line num="32" count="26" type="stmt"/>
        <line num="33" count="13" type="stmt"/>
        <line num="34" count="13" type="cond" truecount="2" falsecount="0"/>
        <line num="35" count="11" type="stmt"/>
        <line num="36" count="11" type="stmt"/>
        <line num="38" count="13" type="cond" truecount="2" falsecount="0"/>
        <line num="39" count="2" type="stmt"/>
        <line num="40" count="2" type="stmt"/>
        <line num="44" count="26" type="stmt"/>
        <line num="50" count="68" type="stmt"/>
      </file>
      <file name="ResultsByCategories.js" path="/home/carol/Projetos/sd-024-b-project-recipes-app/src/components/ResultsByCategories.js">
        <metrics statements="9" coveredstatements="5" conditionals="8" coveredconditionals="5" methods="4" coveredmethods="2"/>
        <line num="7" count="2" type="stmt"/>
        <line num="9" count="2" type="stmt"/>
        <line num="10" count="2" type="cond" truecount="3" falsecount="1"/>
        <line num="11" count="0" type="stmt"/>
        <line num="12" count="0" type="stmt"/>
        <line num="26" count="2" type="cond" truecount="2" falsecount="2"/>
        <line num="27" count="0" type="stmt"/>
        <line num="28" count="0" type="stmt"/>
        <line num="43" count="2" type="stmt"/>
      </file>
      <file name="SearchBar.js" path="/home/carol/Projetos/sd-024-b-project-recipes-app/src/components/SearchBar.js">
        <metrics statements="51" coveredstatements="35" conditionals="32" coveredconditionals="21" methods="6" coveredmethods="6"/>
        <line num="14" count="87" type="stmt"/>
        <line num="15" count="87" type="stmt"/>
        <line num="17" count="87" type="stmt"/>
        <line num="19" count="87" type="stmt"/>
        <line num="20" count="9" type="stmt"/>
        <line num="23" count="87" type="stmt"/>
        <line num="25" count="5" type="cond" truecount="2" falsecount="0"/>
        <line num="26" count="3" type="stmt"/>
        <line num="27" count="2" type="stmt"/>
        <line num="28" count="2" type="stmt"/>
        <line num="30" count="2" type="stmt"/>
        <line num="31" count="1" type="stmt"/>
        <line num="32" count="1" type="stmt"/>
        <line num="35" count="87" type="stmt"/>
        <line num="37" count="6" type="cond" truecount="1" falsecount="1"/>
        <line num="38" count="6" type="stmt"/>
        <line num="39" count="5" type="stmt"/>
        <line num="40" count="5" type="stmt"/>
        <line num="42" count="0" type="cond" truecount="0" falsecount="2"/>
        <line num="43" count="0" type="stmt"/>
        <line num="44" count="0" type="stmt"/>
        <line num="45" count="0" type="stmt"/>
        <line num="49" count="87" type="stmt"/>
        <line num="51" count="2" type="cond" truecount="1" falsecount="1"/>
        <line num="52" count="0" type="cond" truecount="0" falsecount="2"/>
        <line num="53" count="0" type="stmt"/>
        <line num="54" count="0" type="stmt"/>
        <line num="55" count="0" type="stmt"/>
        <line num="57" count="0" type="stmt"/>
        <line num="58" count="0" type="stmt"/>
        <line num="59" count="0" type="stmt"/>
        <line num="61" count="2" type="stmt"/>
        <line num="64" count="87" type="stmt"/>
        <line num="66" count="13" type="cond" truecount="3" falsecount="1"/>
        <line num="68" count="6" type="stmt"/>
        <line num="69" count="5" type="stmt"/>
        <line num="71" count="5" type="stmt"/>
        <line num="72" count="3" type="stmt"/>
        <line num="74" count="2" type="stmt"/>
        <line num="75" count="2" type="cond" truecount="3" falsecount="1"/>
        <line num="76" count="2" type="stmt"/>
        <line num="78" count="0" type="stmt"/>
        <line num="80" count="0" type="stmt"/>
        <line num="82" count="8" type="cond" truecount="4" falsecount="1"/>
        <line num="83" count="0" type="stmt"/>
        <line num="84" count="8" type="cond" truecount="4" falsecount="1"/>
        <line num="85" count="0" type="stmt"/>
        <line num="87" count="8" type="cond" truecount="3" falsecount="1"/>
        <line num="88" count="0" type="stmt"/>
        <line num="92" count="87" type="stmt"/>
        <line num="147" count="6" type="stmt"/>
      </file>
    </package>
    <package name="src.context">
      <metrics statements="32" coveredstatements="32" conditionals="4" coveredconditionals="4" methods="5" coveredmethods="5"/>
      <file name="AppContext.js" path="/home/carol/Projetos/sd-024-b-project-recipes-app/src/context/AppContext.js">
        <metrics statements="1" coveredstatements="1" conditionals="0" coveredconditionals="0" methods="0" coveredmethods="0"/>
        <line num="3" count="7" type="stmt"/>
      </file>
      <file name="AppProvider.js" path="/home/carol/Projetos/sd-024-b-project-recipes-app/src/context/AppProvider.js">
        <metrics statements="31" coveredstatements="31" conditionals="4" coveredconditionals="4" methods="5" coveredmethods="5"/>
        <line num="6" count="165" type="stmt"/>
        <line num="7" count="165" type="stmt"/>
        <line num="8" count="165" type="stmt"/>
        <line num="9" count="165" type="stmt"/>
        <line num="10" count="165" type="stmt"/>
        <line num="11" count="165" type="stmt"/>
        <line num="12" count="165" type="stmt"/>
        <line num="14" count="165" type="stmt"/>
        <line num="32" count="165" type="stmt"/>
        <line num="34" count="32" type="cond" truecount="2" falsecount="0"/>
        <line num="35" count="31" type="stmt"/>
        <line num="36" count="31" type="stmt"/>
        <line num="37" count="31" type="stmt"/>
        <line num="38" count="12" type="stmt"/>
        <line num="39" count="12" type="stmt"/>
        <line num="40" count="12" type="stmt"/>
        <line num="41" count="12" type="stmt"/>
        <line num="42" count="12" type="stmt"/>
        <line num="44" count="31" type="stmt"/>
        <line num="47" count="32" type="cond" truecount="2" falsecount="0"/>
        <line num="48" count="1" type="stmt"/>
        <line num="49" count="1" type="stmt"/>
        <line num="50" count="1" type="stmt"/>
        <line num="51" count="1" type="stmt"/>
        <line num="52" count="1" type="stmt"/>
        <line num="53" count="1" type="stmt"/>
        <line num="54" count="1" type="stmt"/>
        <line num="55" count="1" type="stmt"/>
        <line num="57" count="1" type="stmt"/>
        <line num="61" count="165" type="stmt"/>
        <line num="68" count="7" type="stmt"/>
      </file>
    </package>
    <package name="src.helpers">
      <metrics statements="60" coveredstatements="32" conditionals="0" coveredconditionals="0" methods="18" coveredmethods="10"/>
      <file name="API.js" path="/home/carol/Projetos/sd-024-b-project-recipes-app/src/helpers/API.js">
        <metrics statements="60" coveredstatements="32" conditionals="0" coveredconditionals="0" methods="18" coveredmethods="10"/>
        <line num="2" count="6" type="stmt"/>
        <line num="3" count="6" type="stmt"/>
        <line num="4" count="5" type="stmt"/>
        <line num="5" count="5" type="stmt"/>
        <line num="9" count="3" type="stmt"/>
        <line num="10" count="3" type="stmt"/>
        <line num="11" count="2" type="stmt"/>
        <line num="12" count="2" type="stmt"/>
        <line num="16" count="0" type="stmt"/>
        <line num="17" count="0" type="stmt"/>
        <line num="18" count="0" type="stmt"/>
        <line num="19" count="0" type="stmt"/>
        <line num="23" count="0" type="stmt"/>
        <line num="24" count="0" type="stmt"/>
        <line num="25" count="0" type="stmt"/>
        <line num="26" count="0" type="stmt"/>
        <line num="30" count="2" type="stmt"/>
        <line num="31" count="2" type="stmt"/>
        <line num="32" count="1" type="stmt"/>
        <line num="33" count="1" type="stmt"/>
        <line num="37" count="0" type="stmt"/>
        <line num="38" count="0" type="stmt"/>
        <line num="39" count="0" type="stmt"/>
        <line num="40" count="0" type="stmt"/>
        <line num="44" count="2" type="stmt"/>
        <line num="45" count="2" type="stmt"/>
        <line num="46" count="2" type="stmt"/>
        <line num="47" count="2" type="stmt"/>
        <line num="51" count="0" type="stmt"/>
        <line num="52" count="0" type="stmt"/>
        <line num="53" count="0" type="stmt"/>
        <line num="54" count="0" type="stmt"/>
        <line num="58" count="0" type="stmt"/>
        <line num="60" count="0" type="stmt"/>
        <line num="61" count="0" type="stmt"/>
        <line num="62" count="0" type="stmt"/>
        <line num="64" count="0" type="stmt"/>
        <line num="65" count="0" type="stmt"/>
        <line num="71" count="0" type="stmt"/>
        <line num="75" count="2" type="stmt"/>
        <line num="76" count="2" type="stmt"/>
        <line num="77" count="1" type="stmt"/>
        <line num="78" count="1" type="stmt"/>
        <line num="80" count="1" type="stmt"/>
        <line num="81" count="25" type="stmt"/>
        <line num="87" count="1" type="stmt"/>
        <line num="91" count="11" type="stmt"/>
        <line num="92" count="11" type="stmt"/>
        <line num="93" count="6" type="stmt"/>
        <line num="94" count="6" type="stmt"/>
        <line num="96" count="6" type="stmt"/>
        <line num="97" count="150" type="stmt"/>
        <line num="99" count="6" type="stmt"/>
        <line num="103" count="2" type="stmt"/>
        <line num="104" count="2" type="stmt"/>
        <line num="105" count="0" type="stmt"/>
        <line num="106" count="0" type="stmt"/>
        <line num="108" count="0" type="stmt"/>
        <line num="109" count="0" type="stmt"/>
        <line num="111" count="0" type="stmt"/>
      </file>
    </package>
    <package name="src.pages">
      <metrics statements="50" coveredstatements="28" conditionals="24" coveredconditionals="6" methods="22" coveredmethods="8"/>
      <file name="DoneRecipesPage.js" path="/home/carol/Projetos/sd-024-b-project-recipes-app/src/pages/DoneRecipesPage.js">
        <metrics statements="1" coveredstatements="0" conditionals="0" coveredconditionals="0" methods="1" coveredmethods="0"/>
        <line num="6" count="0" type="stmt"/>
      </file>
      <file name="Drinks.js" path="/home/carol/Projetos/sd-024-b-project-recipes-app/src/pages/Drinks.js">
        <metrics statements="4" coveredstatements="3" conditionals="2" coveredconditionals="2" methods="2" coveredmethods="1"/>
        <line num="8" count="2" type="stmt"/>
        <line num="9" count="2" type="stmt"/>
        <line num="10" count="2" type="stmt"/>
        <line num="14" count="0" type="stmt"/>
      </file>
      <file name="FavoriteRecipes.js" path="/home/carol/Projetos/sd-024-b-project-recipes-app/src/pages/FavoriteRecipes.js">
        <metrics statements="1" coveredstatements="0" conditionals="0" coveredconditionals="0" methods="1" coveredmethods="0"/>
        <line num="5" count="0" type="stmt"/>
      </file>
      <file name="Meals.js" path="/home/carol/Projetos/sd-024-b-project-recipes-app/src/pages/Meals.js">
        <metrics statements="4" coveredstatements="4" conditionals="2" coveredconditionals="2" methods="2" coveredmethods="2"/>
        <line num="8" count="5" type="stmt"/>
        <line num="9" count="4" type="stmt"/>
        <line num="10" count="4" type="stmt"/>
        <line num="14" count="12" type="stmt"/>
      </file>
      <file name="NotFound.js" path="/home/carol/Projetos/sd-024-b-project-recipes-app/src/pages/NotFound.js">
        <metrics statements="1" coveredstatements="0" conditionals="0" coveredconditionals="0" methods="1" coveredmethods="0"/>
        <line num="4" count="0" type="stmt"/>
      </file>
      <file name="ProfilePage.js" path="/home/carol/Projetos/sd-024-b-project-recipes-app/src/pages/ProfilePage.js">
        <metrics statements="1" coveredstatements="1" conditionals="0" coveredconditionals="0" methods="1" coveredmethods="1"/>
        <line num="7" count="6" type="stmt"/>
      </file>
      <file name="RecipeDetails.js" path="/home/carol/Projetos/sd-024-b-project-recipes-app/src/pages/RecipeDetails.js">
        <metrics statements="34" coveredstatements="20" conditionals="20" coveredconditionals="2" methods="10" coveredmethods="4"/>
        <line num="14" count="8" type="stmt"/>
        <line num="15" count="8" type="stmt"/>
        <line num="16" count="8" type="stmt"/>
        <line num="17" count="8" type="stmt"/>
        <line num="19" count="8" type="stmt"/>
        <line num="20" count="2" type="stmt"/>
        <line num="21" count="2" type="stmt"/>
        <line num="24" count="8" type="stmt"/>
        <line num="25" count="0" type="stmt"/>
        <line num="26" count="0" type="stmt"/>
        <line num="29" count="8" type="stmt"/>
        <line num="30" count="0" type="stmt"/>
        <line num="31" count="0" type="cond" truecount="0" falsecount="2"/>
        <line num="32" count="0" type="stmt"/>
        <line num="34" count="0" type="stmt"/>
        <line num="38" count="8" type="stmt"/>
        <line num="39" count="0" type="stmt"/>
        <line num="40" count="0" type="stmt"/>
        <line num="41" count="0" type="stmt"/>
        <line num="44" count="8" type="stmt"/>
        <line num="45" count="0" type="cond" truecount="0" falsecount="2"/>
        <line num="46" count="0" type="stmt"/>
        <line num="58" count="0" type="stmt"/>
        <line num="61" count="8" type="stmt"/>
        <line num="62" count="2" type="stmt"/>
        <line num="63" count="2" type="stmt"/>
        <line num="64" count="2" type="cond" truecount="1" falsecount="1"/>
        <line num="67" count="2" type="stmt"/>
        <line num="69" count="2" type="stmt"/>
        <line num="72" count="8" type="stmt"/>
        <line num="77" count="8" type="stmt"/>
        <line num="87" count="0" type="stmt"/>
        <line num="95" count="0" type="stmt"/>
        <line num="111" count="4" type="stmt"/>
      </file>
      <file name="RecipeDrink.js" path="/home/carol/Projetos/sd-024-b-project-recipes-app/src/pages/RecipeDrink.js">
        <metrics statements="1" coveredstatements="0" conditionals="0" coveredconditionals="0" methods="1" coveredmethods="0"/>
        <line num="4" count="0" type="stmt"/>
      </file>
      <file name="RecipeInProgress.js" path="/home/carol/Projetos/sd-024-b-project-recipes-app/src/pages/RecipeInProgress.js">
        <metrics statements="1" coveredstatements="0" conditionals="0" coveredconditionals="0" methods="1" coveredmethods="0"/>
        <line num="5" count="0" type="stmt"/>
      </file>
      <file name="drinkInProgress.js" path="/home/carol/Projetos/sd-024-b-project-recipes-app/src/pages/drinkInProgress.js">
        <metrics statements="1" coveredstatements="0" conditionals="0" coveredconditionals="0" methods="1" coveredmethods="0"/>
        <line num="4" count="0" type="stmt"/>
      </file>
      <file name="mealsInProgress.js" path="/home/carol/Projetos/sd-024-b-project-recipes-app/src/pages/mealsInProgress.js">
        <metrics statements="1" coveredstatements="0" conditionals="0" coveredconditionals="0" methods="1" coveredmethods="0"/>
        <line num="4" count="0" type="stmt"/>
      </file>
    </package>
  </project>
</coverage>
