{"total": {"lines":{"total":382,"covered":229,"skipped":0,"pct":59.94},"statements":{"total":387,"covered":231,"skipped":0,"pct":59.68},"functions":{"total":119,"covered":67,"skipped":0,"pct":56.3},"branches":{"total":158,"covered":81,"skipped":0,"pct":51.26},"branchesTrue":{"total":0,"covered":0,"skipped":0,"pct":100}}
,"/home/carol/Projetos/sd-024-b-project-recipes-app/src/App.js": {"lines":{"total":1,"covered":1,"skipped":0,"pct":100},"functions":{"total":1,"covered":1,"skipped":0,"pct":100},"statements":{"total":1,"covered":1,"skipped":0,"pct":100},"branches":{"total":0,"covered":0,"skipped":0,"pct":100}}
,"/home/carol/Projetos/sd-024-b-project-recipes-app/src/components/Carousel.js": {"lines":{"total":32,"covered":19,"skipped":0,"pct":59.37},"functions":{"total":11,"covered":6,"skipped":0,"pct":54.54},"statements":{"total":34,"covered":19,"skipped":0,"pct":55.88},"branches":{"total":12,"covered":3,"skipped":0,"pct":25}}
,"/home/carol/Projetos/sd-024-b-project-recipes-app/src/components/CategoryControls.js": {"lines":{"total":30,"covered":14,"skipped":0,"pct":46.66},"functions":{"total":5,"covered":4,"skipped":0,"pct":80},"statements":{"total":30,"covered":14,"skipped":0,"pct":46.66},"branches":{"total":12,"covered":5,"skipped":0,"pct":41.66}}
,"/home/carol/Projetos/sd-024-b-project-recipes-app/src/components/DoneRecipes.js": {"lines":{"total":30,"covered":0,"skipped":0,"pct":0},"functions":{"total":11,"covered":0,"skipped":0,"pct":0},"statements":{"total":30,"covered":0,"skipped":0,"pct":0},"branches":{"total":16,"covered":0,"skipped":0,"pct":0}}
,"/home/carol/Projetos/sd-024-b-project-recipes-app/src/components/Footer.js": {"lines":{"total":5,"covered":5,"skipped":0,"pct":100},"functions":{"total":3,"covered":3,"skipped":0,"pct":100},"statements":{"total":5,"covered":5,"skipped":0,"pct":100},"branches":{"total":0,"covered":0,"skipped":0,"pct":100}}
,"/home/carol/Projetos/sd-024-b-project-recipes-app/src/components/Header.js": {"lines":{"total":7,"covered":7,"skipped":0,"pct":100},"functions":{"total":3,"covered":3,"skipped":0,"pct":100},"statements":{"total":7,"covered":7,"skipped":0,"pct":100},"branches":{"total":6,"covered":6,"skipped":0,"pct":100}}
,"/home/carol/Projetos/sd-024-b-project-recipes-app/src/components/Login.js": {"lines":{"total":22,"covered":22,"skipped":0,"pct":100},"functions":{"total":7,"covered":7,"skipped":0,"pct":100},"statements":{"total":22,"covered":22,"skipped":0,"pct":100},"branches":{"total":4,"covered":4,"skipped":0,"pct":100}}
,"/home/carol/Projetos/sd-024-b-project-recipes-app/src/components/Profile.js": {"lines":{"total":8,"covered":8,"skipped":0,"pct":100},"functions":{"total":3,"covered":3,"skipped":0,"pct":100},"statements":{"total":8,"covered":8,"skipped":0,"pct":100},"branches":{"total":2,"covered":2,"skipped":0,"pct":100}}
,"/home/carol/Projetos/sd-024-b-project-recipes-app/src/components/RecipeCard.js": {"lines":{"total":2,"covered":2,"skipped":0,"pct":100},"functions":{"total":1,"covered":1,"skipped":0,"pct":100},"statements":{"total":2,"covered":2,"skipped":0,"pct":100},"branches":{"total":0,"covered":0,"skipped":0,"pct":100}}
,"/home/carol/Projetos/sd-024-b-project-recipes-app/src/components/RecipeDetailCard.js": {"lines":{"total":10,"covered":8,"skipped":0,"pct":80},"functions":{"total":5,"covered":3,"skipped":0,"pct":60},"statements":{"total":10,"covered":8,"skipped":0,"pct":80},"branches":{"total":10,"covered":5,"skipped":0,"pct":50}}
,"/home/carol/Projetos/sd-024-b-project-recipes-app/src/components/Recipes.js": {"lines":{"total":16,"covered":16,"skipped":0,"pct":100},"functions":{"total":5,"covered":5,"skipped":0,"pct":100},"statements":{"total":16,"covered":16,"skipped":0,"pct":100},"branches":{"total":20,"covered":20,"skipped":0,"pct":100}}
,"/home/carol/Projetos/sd-024-b-project-recipes-app/src/components/ResultsByCategories.js": {"lines":{"total":9,"covered":5,"skipped":0,"pct":55.55},"functions":{"total":4,"covered":2,"skipped":0,"pct":50},"statements":{"total":9,"covered":5,"skipped":0,"pct":55.55},"branches":{"total":8,"covered":5,"skipped":0,"pct":62.5}}
,"/home/carol/Projetos/sd-024-b-project-recipes-app/src/components/SearchBar.js": {"lines":{"total":51,"covered":35,"skipped":0,"pct":68.62},"functions":{"total":6,"covered":6,"skipped":0,"pct":100},"statements":{"total":51,"covered":35,"skipped":0,"pct":68.62},"branches":{"total":32,"covered":21,"skipped":0,"pct":65.62}}
,"/home/carol/Projetos/sd-024-b-project-recipes-app/src/context/AppContext.js": {"lines":{"total":1,"covered":1,"skipped":0,"pct":100},"functions":{"total":0,"covered":0,"skipped":0,"pct":100},"statements":{"total":1,"covered":1,"skipped":0,"pct":100},"branches":{"total":0,"covered":0,"skipped":0,"pct":100}}
,"/home/carol/Projetos/sd-024-b-project-recipes-app/src/context/AppProvider.js": {"lines":{"total":31,"covered":26,"skipped":0,"pct":83.87},"functions":{"total":5,"covered":5,"skipped":0,"pct":100},"statements":{"total":32,"covered":27,"skipped":0,"pct":84.37},"branches":{"total":4,"covered":4,"skipped":0,"pct":100}}
,"/home/carol/Projetos/sd-024-b-project-recipes-app/src/helpers/API.js": {"lines":{"total":60,"covered":32,"skipped":0,"pct":53.33},"functions":{"total":18,"covered":10,"skipped":0,"pct":55.55},"statements":{"total":62,"covered":33,"skipped":0,"pct":53.22},"branches":{"total":0,"covered":0,"skipped":0,"pct":100}}
,"/home/carol/Projetos/sd-024-b-project-recipes-app/src/pages/DoneRecipesPage.js": {"lines":{"total":1,"covered":0,"skipped":0,"pct":0},"functions":{"total":1,"covered":0,"skipped":0,"pct":0},"statements":{"total":1,"covered":0,"skipped":0,"pct":0},"branches":{"total":0,"covered":0,"skipped":0,"pct":100}}
,"/home/carol/Projetos/sd-024-b-project-recipes-app/src/pages/Drinks.js": {"lines":{"total":4,"covered":3,"skipped":0,"pct":75},"functions":{"total":2,"covered":1,"skipped":0,"pct":50},"statements":{"total":4,"covered":3,"skipped":0,"pct":75},"branches":{"total":2,"covered":2,"skipped":0,"pct":100}}
,"/home/carol/Projetos/sd-024-b-project-recipes-app/src/pages/FavoriteRecipes.js": {"lines":{"total":18,"covered":0,"skipped":0,"pct":0},"functions":{"total":10,"covered":0,"skipped":0,"pct":0},"statements":{"total":18,"covered":0,"skipped":0,"pct":0},"branches":{"total":8,"covered":0,"skipped":0,"pct":0}}
,"/home/carol/Projetos/sd-024-b-project-recipes-app/src/pages/Meals.js": {"lines":{"total":4,"covered":4,"skipped":0,"pct":100},"functions":{"total":2,"covered":2,"skipped":0,"pct":100},"statements":{"total":4,"covered":4,"skipped":0,"pct":100},"branches":{"total":2,"covered":2,"skipped":0,"pct":100}}
,"/home/carol/Projetos/sd-024-b-project-recipes-app/src/pages/NotFound.js": {"lines":{"total":1,"covered":0,"skipped":0,"pct":0},"functions":{"total":1,"covered":0,"skipped":0,"pct":0},"statements":{"total":1,"covered":0,"skipped":0,"pct":0},"branches":{"total":0,"covered":0,"skipped":0,"pct":100}}
,"/home/carol/Projetos/sd-024-b-project-recipes-app/src/pages/ProfilePage.js": {"lines":{"total":1,"covered":1,"skipped":0,"pct":100},"functions":{"total":1,"covered":1,"skipped":0,"pct":100},"statements":{"total":1,"covered":1,"skipped":0,"pct":100},"branches":{"total":0,"covered":0,"skipped":0,"pct":100}}
,"/home/carol/Projetos/sd-024-b-project-recipes-app/src/pages/RecipeDetails.js": {"lines":{"total":34,"covered":20,"skipped":0,"pct":58.82},"functions":{"total":10,"covered":4,"skipped":0,"pct":40},"statements":{"total":34,"covered":20,"skipped":0,"pct":58.82},"branches":{"total":20,"covered":2,"skipped":0,"pct":10}}
,"/home/carol/Projetos/sd-024-b-project-recipes-app/src/pages/RecipeDrink.js": {"lines":{"total":1,"covered":0,"skipped":0,"pct":0},"functions":{"total":1,"covered":0,"skipped":0,"pct":0},"statements":{"total":1,"covered":0,"skipped":0,"pct":0},"branches":{"total":0,"covered":0,"skipped":0,"pct":100}}
,"/home/carol/Projetos/sd-024-b-project-recipes-app/src/pages/RecipeInProgress.js": {"lines":{"total":1,"covered":0,"skipped":0,"pct":0},"functions":{"total":1,"covered":0,"skipped":0,"pct":0},"statements":{"total":1,"covered":0,"skipped":0,"pct":0},"branches":{"total":0,"covered":0,"skipped":0,"pct":100}}
,"/home/carol/Projetos/sd-024-b-project-recipes-app/src/pages/drinkInProgress.js": {"lines":{"total":1,"covered":0,"skipped":0,"pct":0},"functions":{"total":1,"covered":0,"skipped":0,"pct":0},"statements":{"total":1,"covered":0,"skipped":0,"pct":0},"branches":{"total":0,"covered":0,"skipped":0,"pct":100}}
,"/home/carol/Projetos/sd-024-b-project-recipes-app/src/pages/mealsInProgress.js": {"lines":{"total":1,"covered":0,"skipped":0,"pct":0},"functions":{"total":1,"covered":0,"skipped":0,"pct":0},"statements":{"total":1,"covered":0,"skipped":0,"pct":0},"branches":{"total":0,"covered":0,"skipped":0,"pct":100}}
}
