{"/home/carol/Projetos/sd-024-b-project-recipes-app/src/App.js": {"path":"/home/carol/Projetos/sd-024-b-project-recipes-app/src/App.js","statementMap":{"0":{"start":{"line":16,"column":2},"end":{"line":33,"column":4}}},"fnMap":{"0":{"name":"App","decl":{"start":{"line":15,"column":9},"end":{"line":15,"column":12}},"loc":{"start":{"line":15,"column":15},"end":{"line":34,"column":1}},"line":15}},"branchMap":{},"s":{"0":13},"f":{"0":13},"b":{},"_coverageSchema":"1a1c01bbd47fc00a2c39e90264f33305004495a9","hash":"9990c260837119fddadda84f999eb87137028200"}
,"/home/carol/Projetos/sd-024-b-project-recipes-app/src/components/Carousel.js": {"path":"/home/carol/Projetos/sd-024-b-project-recipes-app/src/components/Carousel.js","statementMap":{"0":{"start":{"line":6,"column":28},"end":{"line":6,"column":39}},"1":{"start":{"line":7,"column":32},"end":{"line":7,"column":44}},"2":{"start":{"line":9,"column":19},"end":{"line":9,"column":32}},"3":{"start":{"line":11,"column":16},"end":{"line":14,"column":3}},"4":{"start":{"line":12,"column":32},"end":{"line":12,"column":61}},"5":{"start":{"line":13,"column":4},"end":{"line":13,"column":36}},"6":{"start":{"line":16,"column":17},"end":{"line":19,"column":3}},"7":{"start":{"line":17,"column":33},"end":{"line":17,"column":63}},"8":{"start":{"line":18,"column":4},"end":{"line":18,"column":37}},"9":{"start":{"line":21,"column":2},"end":{"line":28,"column":17}},"10":{"start":{"line":22,"column":28},"end":{"line":26,"column":5}},"11":{"start":{"line":23,"column":27},"end":{"line":23,"column":35}},"12":{"start":{"line":24,"column":25},"end":{"line":24,"column":84}},"13":{"start":{"line":25,"column":6},"end":{"line":25,"column":24}},"14":{"start":{"line":27,"column":4},"end":{"line":27,"column":22}},"15":{"start":{"line":30,"column":18},"end":{"line":38,"column":3}},"16":{"start":{"line":31,"column":23},"end":{"line":31,"column":24}},"17":{"start":{"line":32,"column":23},"end":{"line":32,"column":24}},"18":{"start":{"line":33,"column":4},"end":{"line":35,"column":5}},"19":{"start":{"line":34,"column":6},"end":{"line":34,"column":47}},"20":{"start":{"line":34,"column":31},"end":{"line":34,"column":44}},"21":{"start":{"line":35,"column":6},"end":{"line":37,"column":5}},"22":{"start":{"line":36,"column":6},"end":{"line":36,"column":27}},"23":{"start":{"line":40,"column":18},"end":{"line":47,"column":3}},"24":{"start":{"line":41,"column":23},"end":{"line":41,"column":24}},"25":{"start":{"line":42,"column":4},"end":{"line":44,"column":5}},"26":{"start":{"line":43,"column":6},"end":{"line":43,"column":47}},"27":{"start":{"line":43,"column":31},"end":{"line":43,"column":44}},"28":{"start":{"line":44,"column":6},"end":{"line":46,"column":5}},"29":{"start":{"line":45,"column":6},"end":{"line":45,"column":18}},"30":{"start":{"line":49,"column":23},"end":{"line":50,"column":35}},"31":{"start":{"line":50,"column":4},"end":{"line":50,"column":34}},"32":{"start":{"line":52,"column":2},"end":{"line":84,"column":4}},"33":{"start":{"line":62,"column":10},"end":{"line":74,"column":16}}},"fnMap":{"0":{"name":"Carousel","decl":{"start":{"line":5,"column":24},"end":{"line":5,"column":32}},"loc":{"start":{"line":5,"column":35},"end":{"line":85,"column":1}},"line":5},"1":{"name":"(anonymous_1)","decl":{"start":{"line":11,"column":16},"end":{"line":11,"column":17}},"loc":{"start":{"line":11,"column":28},"end":{"line":14,"column":3}},"line":11},"2":{"name":"(anonymous_2)","decl":{"start":{"line":16,"column":17},"end":{"line":16,"column":18}},"loc":{"start":{"line":16,"column":29},"end":{"line":19,"column":3}},"line":16},"3":{"name":"(anonymous_3)","decl":{"start":{"line":21,"column":12},"end":{"line":21,"column":13}},"loc":{"start":{"line":21,"column":18},"end":{"line":28,"column":3}},"line":21},"4":{"name":"(anonymous_4)","decl":{"start":{"line":22,"column":28},"end":{"line":22,"column":29}},"loc":{"start":{"line":22,"column":40},"end":{"line":26,"column":5}},"line":22},"5":{"name":"(anonymous_5)","decl":{"start":{"line":30,"column":18},"end":{"line":30,"column":19}},"loc":{"start":{"line":30,"column":24},"end":{"line":38,"column":3}},"line":30},"6":{"name":"(anonymous_6)","decl":{"start":{"line":34,"column":15},"end":{"line":34,"column":16}},"loc":{"start":{"line":34,"column":31},"end":{"line":34,"column":44}},"line":34},"7":{"name":"(anonymous_7)","decl":{"start":{"line":40,"column":18},"end":{"line":40,"column":19}},"loc":{"start":{"line":40,"column":24},"end":{"line":47,"column":3}},"line":40},"8":{"name":"(anonymous_8)","decl":{"start":{"line":43,"column":15},"end":{"line":43,"column":16}},"loc":{"start":{"line":43,"column":31},"end":{"line":43,"column":44}},"line":43},"9":{"name":"(anonymous_9)","decl":{"start":{"line":49,"column":23},"end":{"line":49,"column":24}},"loc":{"start":{"line":50,"column":4},"end":{"line":50,"column":34}},"line":50},"10":{"name":"(anonymous_10)","decl":{"start":{"line":61,"column":20},"end":{"line":61,"column":21}},"loc":{"start":{"line":62,"column":10},"end":{"line":74,"column":16}},"line":62}},"branchMap":{"0":{"loc":{"start":{"line":24,"column":25},"end":{"line":24,"column":84}},"type":"cond-expr","locations":[{"start":{"line":24,"column":54},"end":{"line":24,"column":68}},{"start":{"line":24,"column":71},"end":{"line":24,"column":84}}],"line":24},"1":{"loc":{"start":{"line":33,"column":4},"end":{"line":35,"column":5}},"type":"if","locations":[{"start":{"line":33,"column":4},"end":{"line":35,"column":5}},{"start":{},"end":{}}],"line":33},"2":{"loc":{"start":{"line":35,"column":6},"end":{"line":37,"column":5}},"type":"if","locations":[{"start":{"line":35,"column":6},"end":{"line":37,"column":5}},{"start":{},"end":{}}],"line":35},"3":{"loc":{"start":{"line":42,"column":4},"end":{"line":44,"column":5}},"type":"if","locations":[{"start":{"line":42,"column":4},"end":{"line":44,"column":5}},{"start":{},"end":{}}],"line":42},"4":{"loc":{"start":{"line":44,"column":6},"end":{"line":46,"column":5}},"type":"if","locations":[{"start":{"line":44,"column":6},"end":{"line":46,"column":5}},{"start":{},"end":{}}],"line":44},"5":{"loc":{"start":{"line":50,"column":4},"end":{"line":50,"column":34}},"type":"binary-expr","locations":[{"start":{"line":50,"column":4},"end":{"line":50,"column":15}},{"start":{"line":50,"column":19},"end":{"line":50,"column":34}}],"line":50}},"s":{"0":8,"1":8,"2":8,"3":8,"4":0,"5":0,"6":8,"7":2,"8":1,"9":8,"10":2,"11":2,"12":2,"13":1,"14":2,"15":8,"16":0,"17":0,"18":0,"19":0,"20":0,"21":0,"22":0,"23":8,"24":0,"25":0,"26":0,"27":0,"28":0,"29":0,"30":8,"31":0,"32":8,"33":0},"f":{"0":8,"1":0,"2":2,"3":2,"4":2,"5":0,"6":0,"7":0,"8":0,"9":0,"10":0},"b":{"0":[2,0],"1":[0,0],"2":[0,0],"3":[0,0],"4":[0,0],"5":[0,0]},"_coverageSchema":"1a1c01bbd47fc00a2c39e90264f33305004495a9","hash":"55e917de0caba862dc13f6560bb3ba9c218b86c9"}
,"/home/carol/Projetos/sd-024-b-project-recipes-app/src/components/CategoryControls.js": {"path":"/home/carol/Projetos/sd-024-b-project-recipes-app/src/components/CategoryControls.js","statementMap":{"0":{"start":{"line":13,"column":6},"end":{"line":13,"column":28}},"1":{"start":{"line":16,"column":22},"end":{"line":46,"column":3}},"2":{"start":{"line":17,"column":4},"end":{"line":30,"column":5}},"3":{"start":{"line":18,"column":6},"end":{"line":23,"column":7}},"4":{"start":{"line":19,"column":21},"end":{"line":19,"column":46}},"5":{"start":{"line":20,"column":8},"end":{"line":20,"column":28}},"6":{"start":{"line":21,"column":8},"end":{"line":21,"column":33}},"7":{"start":{"line":22,"column":8},"end":{"line":22,"column":15}},"8":{"start":{"line":24,"column":6},"end":{"line":24,"column":39}},"9":{"start":{"line":25,"column":23},"end":{"line":25,"column":106}},"10":{"start":{"line":26,"column":19},"end":{"line":26,"column":40}},"11":{"start":{"line":27,"column":21},"end":{"line":27,"column":23}},"12":{"start":{"line":28,"column":41},"end":{"line":28,"column":68}},"13":{"start":{"line":29,"column":6},"end":{"line":29,"column":48}},"14":{"start":{"line":32,"column":4},"end":{"line":45,"column":5}},"15":{"start":{"line":33,"column":6},"end":{"line":38,"column":7}},"16":{"start":{"line":34,"column":21},"end":{"line":34,"column":47}},"17":{"start":{"line":35,"column":8},"end":{"line":35,"column":28}},"18":{"start":{"line":36,"column":8},"end":{"line":36,"column":33}},"19":{"start":{"line":37,"column":8},"end":{"line":37,"column":15}},"20":{"start":{"line":39,"column":6},"end":{"line":39,"column":39}},"21":{"start":{"line":40,"column":23},"end":{"line":40,"column":110}},"22":{"start":{"line":41,"column":19},"end":{"line":41,"column":40}},"23":{"start":{"line":42,"column":21},"end":{"line":42,"column":23}},"24":{"start":{"line":43,"column":41},"end":{"line":43,"column":69}},"25":{"start":{"line":44,"column":6},"end":{"line":44,"column":48}},"26":{"start":{"line":48,"column":2},"end":{"line":73,"column":4}},"27":{"start":{"line":52,"column":10},"end":{"line":60,"column":19}},"28":{"start":{"line":57,"column":33},"end":{"line":57,"column":51}},"29":{"start":{"line":67,"column":29},"end":{"line":67,"column":47}}},"fnMap":{"0":{"name":"CategoryControls","decl":{"start":{"line":6,"column":9},"end":{"line":6,"column":25}},"loc":{"start":{"line":6,"column":28},"end":{"line":74,"column":1}},"line":6},"1":{"name":"(anonymous_1)","decl":{"start":{"line":16,"column":22},"end":{"line":16,"column":23}},"loc":{"start":{"line":16,"column":44},"end":{"line":46,"column":3}},"line":16},"2":{"name":"(anonymous_2)","decl":{"start":{"line":51,"column":21},"end":{"line":51,"column":22}},"loc":{"start":{"line":52,"column":10},"end":{"line":60,"column":19}},"line":52},"3":{"name":"(anonymous_3)","decl":{"start":{"line":57,"column":22},"end":{"line":57,"column":23}},"loc":{"start":{"line":57,"column":33},"end":{"line":57,"column":51}},"line":57},"4":{"name":"(anonymous_4)","decl":{"start":{"line":67,"column":18},"end":{"line":67,"column":19}},"loc":{"start":{"line":67,"column":29},"end":{"line":67,"column":47}},"line":67}},"branchMap":{"0":{"loc":{"start":{"line":17,"column":4},"end":{"line":30,"column":5}},"type":"if","locations":[{"start":{"line":17,"column":4},"end":{"line":30,"column":5}},{"start":{},"end":{}}],"line":17},"1":{"loc":{"start":{"line":18,"column":6},"end":{"line":23,"column":7}},"type":"if","locations":[{"start":{"line":18,"column":6},"end":{"line":23,"column":7}},{"start":{},"end":{}}],"line":18},"2":{"loc":{"start":{"line":18,"column":10},"end":{"line":18,"column":68}},"type":"binary-expr","locations":[{"start":{"line":18,"column":10},"end":{"line":18,"column":32}},{"start":{"line":18,"column":36},"end":{"line":18,"column":68}}],"line":18},"3":{"loc":{"start":{"line":32,"column":4},"end":{"line":45,"column":5}},"type":"if","locations":[{"start":{"line":32,"column":4},"end":{"line":45,"column":5}},{"start":{},"end":{}}],"line":32},"4":{"loc":{"start":{"line":33,"column":6},"end":{"line":38,"column":7}},"type":"if","locations":[{"start":{"line":33,"column":6},"end":{"line":38,"column":7}},{"start":{},"end":{}}],"line":33},"5":{"loc":{"start":{"line":33,"column":10},"end":{"line":33,"column":68}},"type":"binary-expr","locations":[{"start":{"line":33,"column":10},"end":{"line":33,"column":32}},{"start":{"line":33,"column":36},"end":{"line":33,"column":68}}],"line":33}},"s":{"0":26,"1":26,"2":2,"3":2,"4":0,"5":0,"6":0,"7":0,"8":2,"9":2,"10":2,"11":2,"12":2,"13":2,"14":2,"15":0,"16":0,"17":0,"18":0,"19":0,"20":0,"21":0,"22":0,"23":0,"24":0,"25":0,"26":26,"27":60,"28":2,"29":0},"f":{"0":26,"1":2,"2":60,"3":2,"4":0},"b":{"0":[2,0],"1":[0,2],"2":[2,2],"3":[0,2],"4":[0,0],"5":[0,0]},"_coverageSchema":"1a1c01bbd47fc00a2c39e90264f33305004495a9","hash":"bb2a32bd58c0df8ab06bf6dddf32f02fcec46c26"}
,"/home/carol/Projetos/sd-024-b-project-recipes-app/src/components/DoneRecipes.js": {"path":"/home/carol/Projetos/sd-024-b-project-recipes-app/src/components/DoneRecipes.js","statementMap":{"0":{"start":{"line":10,"column":36},"end":{"line":10,"column":58}},"1":{"start":{"line":11,"column":42},"end":{"line":11,"column":57}},"2":{"start":{"line":12,"column":40},"end":{"line":12,"column":55}},"3":{"start":{"line":16,"column":22},"end":{"line":23,"column":3}},"4":{"start":{"line":17,"column":4},"end":{"line":19,"column":5}},"5":{"start":{"line":18,"column":6},"end":{"line":18,"column":20}},"6":{"start":{"line":20,"column":4},"end":{"line":22,"column":5}},"7":{"start":{"line":21,"column":6},"end":{"line":21,"column":21}},"8":{"start":{"line":25,"column":23},"end":{"line":40,"column":3}},"9":{"start":{"line":26,"column":23},"end":{"line":26,"column":70}},"10":{"start":{"line":27,"column":4},"end":{"line":32,"column":5}},"11":{"start":{"line":28,"column":29},"end":{"line":30,"column":7}},"12":{"start":{"line":29,"column":20},"end":{"line":29,"column":40}},"13":{"start":{"line":31,"column":6},"end":{"line":31,"column":28}},"14":{"start":{"line":33,"column":4},"end":{"line":38,"column":5}},"15":{"start":{"line":34,"column":29},"end":{"line":36,"column":7}},"16":{"start":{"line":35,"column":20},"end":{"line":35,"column":40}},"17":{"start":{"line":37,"column":6},"end":{"line":37,"column":28}},"18":{"start":{"line":39,"column":4},"end":{"line":39,"column":22}},"19":{"start":{"line":41,"column":2},"end":{"line":132,"column":4}},"20":{"start":{"line":48,"column":10},"end":{"line":48,"column":33}},"21":{"start":{"line":49,"column":10},"end":{"line":49,"column":32}},"22":{"start":{"line":58,"column":10},"end":{"line":58,"column":39}},"23":{"start":{"line":59,"column":10},"end":{"line":59,"column":33}},"24":{"start":{"line":68,"column":10},"end":{"line":68,"column":41}},"25":{"start":{"line":69,"column":10},"end":{"line":69,"column":32}},"26":{"start":{"line":76,"column":8},"end":{"line":129,"column":14}},"27":{"start":{"line":111,"column":14},"end":{"line":111,"column":88}},"28":{"start":{"line":112,"column":14},"end":{"line":112,"column":32}},"29":{"start":{"line":121,"column":14},"end":{"line":126,"column":19}}},"fnMap":{"0":{"name":"DoneRecipes","decl":{"start":{"line":9,"column":9},"end":{"line":9,"column":20}},"loc":{"start":{"line":9,"column":23},"end":{"line":133,"column":1}},"line":9},"1":{"name":"(anonymous_1)","decl":{"start":{"line":16,"column":22},"end":{"line":16,"column":23}},"loc":{"start":{"line":16,"column":28},"end":{"line":23,"column":3}},"line":16},"2":{"name":"(anonymous_2)","decl":{"start":{"line":25,"column":23},"end":{"line":25,"column":24}},"loc":{"start":{"line":25,"column":33},"end":{"line":40,"column":3}},"line":25},"3":{"name":"(anonymous_3)","decl":{"start":{"line":29,"column":8},"end":{"line":29,"column":9}},"loc":{"start":{"line":29,"column":20},"end":{"line":29,"column":40}},"line":29},"4":{"name":"(anonymous_4)","decl":{"start":{"line":35,"column":8},"end":{"line":35,"column":9}},"loc":{"start":{"line":35,"column":20},"end":{"line":35,"column":40}},"line":35},"5":{"name":"(anonymous_5)","decl":{"start":{"line":47,"column":18},"end":{"line":47,"column":19}},"loc":{"start":{"line":47,"column":24},"end":{"line":50,"column":9}},"line":47},"6":{"name":"(anonymous_6)","decl":{"start":{"line":57,"column":18},"end":{"line":57,"column":19}},"loc":{"start":{"line":57,"column":24},"end":{"line":60,"column":9}},"line":57},"7":{"name":"(anonymous_7)","decl":{"start":{"line":67,"column":18},"end":{"line":67,"column":19}},"loc":{"start":{"line":67,"column":24},"end":{"line":70,"column":9}},"line":67},"8":{"name":"(anonymous_8)","decl":{"start":{"line":75,"column":40},"end":{"line":75,"column":41}},"loc":{"start":{"line":76,"column":8},"end":{"line":129,"column":14}},"line":76},"9":{"name":"(anonymous_9)","decl":{"start":{"line":110,"column":22},"end":{"line":110,"column":23}},"loc":{"start":{"line":110,"column":28},"end":{"line":113,"column":13}},"line":110},"10":{"name":"(anonymous_10)","decl":{"start":{"line":120,"column":30},"end":{"line":120,"column":31}},"loc":{"start":{"line":121,"column":14},"end":{"line":126,"column":19}},"line":121}},"branchMap":{"0":{"loc":{"start":{"line":17,"column":4},"end":{"line":19,"column":5}},"type":"if","locations":[{"start":{"line":17,"column":4},"end":{"line":19,"column":5}},{"start":{},"end":{}}],"line":17},"1":{"loc":{"start":{"line":20,"column":4},"end":{"line":22,"column":5}},"type":"if","locations":[{"start":{"line":20,"column":4},"end":{"line":22,"column":5}},{"start":{},"end":{}}],"line":20},"2":{"loc":{"start":{"line":27,"column":4},"end":{"line":32,"column":5}},"type":"if","locations":[{"start":{"line":27,"column":4},"end":{"line":32,"column":5}},{"start":{},"end":{}}],"line":27},"3":{"loc":{"start":{"line":33,"column":4},"end":{"line":38,"column":5}},"type":"if","locations":[{"start":{"line":33,"column":4},"end":{"line":38,"column":5}},{"start":{},"end":{}}],"line":33},"4":{"loc":{"start":{"line":79,"column":14},"end":{"line":81,"column":40}},"type":"cond-expr","locations":[{"start":{"line":80,"column":18},"end":{"line":80,"column":39}},{"start":{"line":81,"column":18},"end":{"line":81,"column":40}}],"line":79},"5":{"loc":{"start":{"line":92,"column":13},"end":{"line":94,"column":42}},"type":"cond-expr","locations":[{"start":{"line":93,"column":16},"end":{"line":93,"column":60}},{"start":{"line":94,"column":16},"end":{"line":94,"column":42}}],"line":92},"6":{"loc":{"start":{"line":98,"column":14},"end":{"line":100,"column":40}},"type":"cond-expr","locations":[{"start":{"line":99,"column":18},"end":{"line":99,"column":39}},{"start":{"line":100,"column":18},"end":{"line":100,"column":40}}],"line":98},"7":{"loc":{"start":{"line":115,"column":13},"end":{"line":115,"column":48}},"type":"binary-expr","locations":[{"start":{"line":115,"column":13},"end":{"line":115,"column":21}},{"start":{"line":115,"column":25},"end":{"line":115,"column":48}}],"line":115}},"s":{"0":0,"1":0,"2":0,"3":0,"4":0,"5":0,"6":0,"7":0,"8":0,"9":0,"10":0,"11":0,"12":0,"13":0,"14":0,"15":0,"16":0,"17":0,"18":0,"19":0,"20":0,"21":0,"22":0,"23":0,"24":0,"25":0,"26":0,"27":0,"28":0,"29":0},"f":{"0":0,"1":0,"2":0,"3":0,"4":0,"5":0,"6":0,"7":0,"8":0,"9":0,"10":0},"b":{"0":[0,0],"1":[0,0],"2":[0,0],"3":[0,0],"4":[0,0],"5":[0,0],"6":[0,0],"7":[0,0]},"_coverageSchema":"1a1c01bbd47fc00a2c39e90264f33305004495a9","hash":"e801ee4ad5f4745c48790b4099c52fabd266f274"}
,"/home/carol/Projetos/sd-024-b-project-recipes-app/src/components/Footer.js": {"path":"/home/carol/Projetos/sd-024-b-project-recipes-app/src/components/Footer.js","statementMap":{"0":{"start":{"line":7,"column":18},"end":{"line":7,"column":30}},"1":{"start":{"line":9,"column":17},"end":{"line":12,"column":3}},"2":{"start":{"line":14,"column":2},"end":{"line":34,"column":4}},"3":{"start":{"line":24,"column":24},"end":{"line":24,"column":47}},"4":{"start":{"line":31,"column":24},"end":{"line":31,"column":46}}},"fnMap":{"0":{"name":"Footer","decl":{"start":{"line":6,"column":24},"end":{"line":6,"column":30}},"loc":{"start":{"line":6,"column":33},"end":{"line":35,"column":1}},"line":6},"1":{"name":"(anonymous_1)","decl":{"start":{"line":24,"column":18},"end":{"line":24,"column":19}},"loc":{"start":{"line":24,"column":24},"end":{"line":24,"column":47}},"line":24},"2":{"name":"(anonymous_2)","decl":{"start":{"line":31,"column":18},"end":{"line":31,"column":19}},"loc":{"start":{"line":31,"column":24},"end":{"line":31,"column":46}},"line":31}},"branchMap":{},"s":{"0":38,"1":38,"2":38,"3":2,"4":1},"f":{"0":38,"1":2,"2":1},"b":{},"_coverageSchema":"1a1c01bbd47fc00a2c39e90264f33305004495a9","hash":"2a0ae7e6d721b29c9afb08a0498e06c93e56c51a"}
,"/home/carol/Projetos/sd-024-b-project-recipes-app/src/components/Header.js": {"path":"/home/carol/Projetos/sd-024-b-project-recipes-app/src/components/Header.js","statementMap":{"0":{"start":{"line":9,"column":28},"end":{"line":9,"column":40}},"1":{"start":{"line":10,"column":36},"end":{"line":10,"column":51}},"2":{"start":{"line":11,"column":28},"end":{"line":11,"column":33}},"3":{"start":{"line":12,"column":2},"end":{"line":55,"column":4}},"4":{"start":{"line":33,"column":30},"end":{"line":33,"column":54}},"5":{"start":{"line":49,"column":39},"end":{"line":49,"column":62}},"6":{"start":{"line":58,"column":0},"end":{"line":61,"column":13}}},"fnMap":{"0":{"name":"Header","decl":{"start":{"line":8,"column":24},"end":{"line":8,"column":30}},"loc":{"start":{"line":8,"column":38},"end":{"line":56,"column":1}},"line":8},"1":{"name":"(anonymous_1)","decl":{"start":{"line":33,"column":24},"end":{"line":33,"column":25}},"loc":{"start":{"line":33,"column":30},"end":{"line":33,"column":54}},"line":33},"2":{"name":"(anonymous_2)","decl":{"start":{"line":49,"column":21},"end":{"line":49,"column":22}},"loc":{"start":{"line":49,"column":37},"end":{"line":49,"column":64}},"line":49}},"branchMap":{"0":{"loc":{"start":{"line":29,"column":10},"end":{"line":41,"column":18}},"type":"cond-expr","locations":[{"start":{"line":30,"column":12},"end":{"line":40,"column":21}},{"start":{"line":41,"column":14},"end":{"line":41,"column":18}}],"line":29},"1":{"loc":{"start":{"line":45,"column":10},"end":{"line":50,"column":10}},"type":"binary-expr","locations":[{"start":{"line":45,"column":10},"end":{"line":45,"column":19}},{"start":{"line":45,"column":23},"end":{"line":50,"column":10}}],"line":45},"2":{"loc":{"start":{"line":52,"column":8},"end":{"line":52,"column":80}},"type":"binary-expr","locations":[{"start":{"line":52,"column":8},"end":{"line":52,"column":25}},{"start":{"line":52,"column":29},"end":{"line":52,"column":80}}],"line":52}},"s":{"0":85,"1":85,"2":85,"3":85,"4":8,"5":39,"6":6},"f":{"0":85,"1":8,"2":39},"b":{"0":[79,6],"1":[85,53],"2":[85,79]},"_coverageSchema":"1a1c01bbd47fc00a2c39e90264f33305004495a9","hash":"41059e723ee0350731bb5f05708b966824c6af8c"}
,"/home/carol/Projetos/sd-024-b-project-recipes-app/src/components/Login.js": {"path":"/home/carol/Projetos/sd-024-b-project-recipes-app/src/components/Login.js","statementMap":{"0":{"start":{"line":6,"column":30},"end":{"line":6,"column":52}},"1":{"start":{"line":7,"column":34},"end":{"line":7,"column":46}},"2":{"start":{"line":8,"column":36},"end":{"line":8,"column":50}},"3":{"start":{"line":9,"column":18},"end":{"line":9,"column":30}},"4":{"start":{"line":11,"column":21},"end":{"line":14,"column":13}},"5":{"start":{"line":12,"column":18},"end":{"line":12,"column":53}},"6":{"start":{"line":13,"column":4},"end":{"line":13,"column":29}},"7":{"start":{"line":16,"column":24},"end":{"line":19,"column":23}},"8":{"start":{"line":17,"column":25},"end":{"line":17,"column":26}},"9":{"start":{"line":18,"column":4},"end":{"line":18,"column":42}},"10":{"start":{"line":21,"column":28},"end":{"line":26,"column":22}},"11":{"start":{"line":22,"column":4},"end":{"line":22,"column":60}},"12":{"start":{"line":23,"column":4},"end":{"line":23,"column":44}},"13":{"start":{"line":24,"column":4},"end":{"line":24,"column":48}},"14":{"start":{"line":25,"column":4},"end":{"line":25,"column":27}},"15":{"start":{"line":28,"column":2},"end":{"line":34,"column":34}},"16":{"start":{"line":29,"column":4},"end":{"line":33,"column":5}},"17":{"start":{"line":30,"column":6},"end":{"line":30,"column":26}},"18":{"start":{"line":32,"column":6},"end":{"line":32,"column":25}},"19":{"start":{"line":36,"column":2},"end":{"line":71,"column":4}},"20":{"start":{"line":46,"column":30},"end":{"line":46,"column":54}},"21":{"start":{"line":56,"column":30},"end":{"line":56,"column":57}}},"fnMap":{"0":{"name":"Login","decl":{"start":{"line":5,"column":9},"end":{"line":5,"column":14}},"loc":{"start":{"line":5,"column":17},"end":{"line":72,"column":1}},"line":5},"1":{"name":"(anonymous_1)","decl":{"start":{"line":11,"column":33},"end":{"line":11,"column":34}},"loc":{"start":{"line":11,"column":39},"end":{"line":14,"column":3}},"line":11},"2":{"name":"(anonymous_2)","decl":{"start":{"line":16,"column":36},"end":{"line":16,"column":37}},"loc":{"start":{"line":16,"column":42},"end":{"line":19,"column":3}},"line":16},"3":{"name":"(anonymous_3)","decl":{"start":{"line":21,"column":40},"end":{"line":21,"column":41}},"loc":{"start":{"line":21,"column":46},"end":{"line":26,"column":3}},"line":21},"4":{"name":"(anonymous_4)","decl":{"start":{"line":28,"column":12},"end":{"line":28,"column":13}},"loc":{"start":{"line":28,"column":18},"end":{"line":34,"column":3}},"line":28},"5":{"name":"(anonymous_5)","decl":{"start":{"line":46,"column":23},"end":{"line":46,"column":24}},"loc":{"start":{"line":46,"column":30},"end":{"line":46,"column":54}},"line":46},"6":{"name":"(anonymous_6)","decl":{"start":{"line":56,"column":23},"end":{"line":56,"column":24}},"loc":{"start":{"line":56,"column":30},"end":{"line":56,"column":57}},"line":56}},"branchMap":{"0":{"loc":{"start":{"line":29,"column":4},"end":{"line":33,"column":5}},"type":"if","locations":[{"start":{"line":29,"column":4},"end":{"line":33,"column":5}},{"start":{"line":31,"column":11},"end":{"line":33,"column":5}}],"line":29},"1":{"loc":{"start":{"line":29,"column":8},"end":{"line":29,"column":39}},"type":"binary-expr","locations":[{"start":{"line":29,"column":8},"end":{"line":29,"column":20}},{"start":{"line":29,"column":24},"end":{"line":29,"column":39}}],"line":29}},"s":{"0":299,"1":299,"2":299,"3":299,"4":299,"5":153,"6":153,"7":299,"8":54,"9":54,"10":299,"11":5,"12":5,"13":5,"14":5,"15":299,"16":153,"17":9,"18":144,"19":299,"20":101,"21":45},"f":{"0":299,"1":153,"2":54,"3":5,"4":153,"5":101,"6":45},"b":{"0":[9,144],"1":[153,54]},"_coverageSchema":"1a1c01bbd47fc00a2c39e90264f33305004495a9","hash":"f4a8e8e698027f59058397dbbed39763242fb139"}
,"/home/carol/Projetos/sd-024-b-project-recipes-app/src/components/Profile.js": {"path":"/home/carol/Projetos/sd-024-b-project-recipes-app/src/components/Profile.js","statementMap":{"0":{"start":{"line":5,"column":28},"end":{"line":5,"column":40}},"1":{"start":{"line":7,"column":2},"end":{"line":12,"column":9}},"2":{"start":{"line":8,"column":21},"end":{"line":8,"column":61}},"3":{"start":{"line":9,"column":4},"end":{"line":11,"column":5}},"4":{"start":{"line":10,"column":6},"end":{"line":10,"column":25}},"5":{"start":{"line":14,"column":23},"end":{"line":16,"column":3}},"6":{"start":{"line":15,"column":4},"end":{"line":15,"column":25}},"7":{"start":{"line":18,"column":2},"end":{"line":52,"column":4}}},"fnMap":{"0":{"name":"Profile","decl":{"start":{"line":4,"column":24},"end":{"line":4,"column":31}},"loc":{"start":{"line":4,"column":34},"end":{"line":53,"column":1}},"line":4},"1":{"name":"(anonymous_1)","decl":{"start":{"line":7,"column":12},"end":{"line":7,"column":13}},"loc":{"start":{"line":7,"column":18},"end":{"line":12,"column":3}},"line":7},"2":{"name":"(anonymous_2)","decl":{"start":{"line":14,"column":23},"end":{"line":14,"column":24}},"loc":{"start":{"line":14,"column":29},"end":{"line":16,"column":3}},"line":14}},"branchMap":{"0":{"loc":{"start":{"line":9,"column":4},"end":{"line":11,"column":5}},"type":"if","locations":[{"start":{"line":9,"column":4},"end":{"line":11,"column":5}},{"start":{},"end":{}}],"line":9}},"s":{"0":7,"1":7,"2":6,"3":6,"4":1,"5":7,"6":1,"7":7},"f":{"0":7,"1":6,"2":1},"b":{"0":[1,5]},"_coverageSchema":"1a1c01bbd47fc00a2c39e90264f33305004495a9","hash":"8d8bf564cd99d2ad47d6847d734c47379fafe272"}
,"/home/carol/Projetos/sd-024-b-project-recipes-app/src/components/RecipeCard.js": {"path":"/home/carol/Projetos/sd-024-b-project-recipes-app/src/components/RecipeCard.js","statementMap":{"0":{"start":{"line":6,"column":2},"end":{"line":18,"column":4}},"1":{"start":{"line":21,"column":0},"end":{"line":27,"column":2}}},"fnMap":{"0":{"name":"RecipeCard","decl":{"start":{"line":5,"column":24},"end":{"line":5,"column":34}},"loc":{"start":{"line":5,"column":63},"end":{"line":19,"column":1}},"line":5}},"branchMap":{},"s":{"0":80,"1":5},"f":{"0":80},"b":{},"_coverageSchema":"1a1c01bbd47fc00a2c39e90264f33305004495a9","hash":"cd39f54317d289dfc5abaa826afc166d9b5c7fcd"}
,"/home/carol/Projetos/sd-024-b-project-recipes-app/src/components/RecipeDetailCard.js": {"path":"/home/carol/Projetos/sd-024-b-project-recipes-app/src/components/RecipeDetailCard.js","statementMap":{"0":{"start":{"line":7,"column":21},"end":{"line":7,"column":43}},"1":{"start":{"line":8,"column":23},"end":{"line":8,"column":36}},"2":{"start":{"line":9,"column":18},"end":{"line":14,"column":3}},"3":{"start":{"line":15,"column":2},"end":{"line":15,"column":39}},"4":{"start":{"line":16,"column":2},"end":{"line":16,"column":37}},"5":{"start":{"line":18,"column":2},"end":{"line":78,"column":4}},"6":{"start":{"line":23,"column":12},"end":{"line":49,"column":18}},"7":{"start":{"line":34,"column":16},"end":{"line":41,"column":22}},"8":{"start":{"line":51,"column":12},"end":{"line":74,"column":18}},"9":{"start":{"line":62,"column":16},"end":{"line":71,"column":22}}},"fnMap":{"0":{"name":"RecipeDetailCard","decl":{"start":{"line":6,"column":24},"end":{"line":6,"column":40}},"loc":{"start":{"line":6,"column":43},"end":{"line":79,"column":1}},"line":6},"1":{"name":"(anonymous_1)","decl":{"start":{"line":22,"column":37},"end":{"line":22,"column":38}},"loc":{"start":{"line":23,"column":12},"end":{"line":49,"column":18}},"line":23},"2":{"name":"(anonymous_2)","decl":{"start":{"line":33,"column":28},"end":{"line":33,"column":29}},"loc":{"start":{"line":34,"column":16},"end":{"line":41,"column":22}},"line":34},"3":{"name":"(anonymous_3)","decl":{"start":{"line":50,"column":41},"end":{"line":50,"column":42}},"loc":{"start":{"line":51,"column":12},"end":{"line":74,"column":18}},"line":51},"4":{"name":"(anonymous_4)","decl":{"start":{"line":61,"column":28},"end":{"line":61,"column":29}},"loc":{"start":{"line":62,"column":16},"end":{"line":71,"column":22}},"line":62}},"branchMap":{"0":{"loc":{"start":{"line":21,"column":8},"end":{"line":75,"column":13}},"type":"cond-expr","locations":[{"start":{"line":22,"column":12},"end":{"line":50,"column":13}},{"start":{"line":50,"column":16},"end":{"line":75,"column":13}}],"line":21},"1":{"loc":{"start":{"line":39,"column":24},"end":{"line":39,"column":71}},"type":"binary-expr","locations":[{"start":{"line":39,"column":24},"end":{"line":39,"column":37}},{"start":{"line":39,"column":41},"end":{"line":39,"column":71}}],"line":39},"2":{"loc":{"start":{"line":40,"column":24},"end":{"line":40,"column":68}},"type":"binary-expr","locations":[{"start":{"line":40,"column":24},"end":{"line":40,"column":37}},{"start":{"line":40,"column":41},"end":{"line":40,"column":68}}],"line":40},"3":{"loc":{"start":{"line":68,"column":26},"end":{"line":68,"column":73}},"type":"binary-expr","locations":[{"start":{"line":68,"column":26},"end":{"line":68,"column":39}},{"start":{"line":68,"column":43},"end":{"line":68,"column":73}}],"line":68},"4":{"loc":{"start":{"line":69,"column":26},"end":{"line":69,"column":70}},"type":"binary-expr","locations":[{"start":{"line":69,"column":26},"end":{"line":69,"column":39}},{"start":{"line":69,"column":43},"end":{"line":69,"column":70}}],"line":69}},"s":{"0":8,"1":8,"2":8,"3":8,"4":8,"5":8,"6":2,"7":40,"8":0,"9":0},"f":{"0":8,"1":2,"2":40,"3":0,"4":0},"b":{"0":[8,0],"1":[40,40],"2":[40,40],"3":[0,0],"4":[0,0]},"_coverageSchema":"1a1c01bbd47fc00a2c39e90264f33305004495a9","hash":"6d6b5a557911d7c38c76fcdf78aae9b757c25a7a"}
,"/home/carol/Projetos/sd-024-b-project-recipes-app/src/components/Recipes.js": {"path":"/home/carol/Projetos/sd-024-b-project-recipes-app/src/components/Recipes.js","statementMap":{"0":{"start":{"line":19,"column":6},"end":{"line":19,"column":28}},"1":{"start":{"line":22,"column":17},"end":{"line":22,"column":19}},"2":{"start":{"line":24,"column":24},"end":{"line":26,"column":3}},"3":{"start":{"line":25,"column":4},"end":{"line":25,"column":45}},"4":{"start":{"line":28,"column":25},"end":{"line":30,"column":3}},"5":{"start":{"line":29,"column":4},"end":{"line":29,"column":46}},"6":{"start":{"line":32,"column":2},"end":{"line":42,"column":14}},"7":{"start":{"line":33,"column":23},"end":{"line":33,"column":47}},"8":{"start":{"line":34,"column":4},"end":{"line":37,"column":5}},"9":{"start":{"line":35,"column":6},"end":{"line":35,"column":22}},"10":{"start":{"line":36,"column":6},"end":{"line":36,"column":24}},"11":{"start":{"line":38,"column":4},"end":{"line":41,"column":5}},"12":{"start":{"line":39,"column":6},"end":{"line":39,"column":23}},"13":{"start":{"line":40,"column":6},"end":{"line":40,"column":25}},"14":{"start":{"line":44,"column":2},"end":{"line":67,"column":4}},"15":{"start":{"line":50,"column":10},"end":{"line":57,"column":12}}},"fnMap":{"0":{"name":"Recipes","decl":{"start":{"line":12,"column":9},"end":{"line":12,"column":16}},"loc":{"start":{"line":12,"column":19},"end":{"line":68,"column":1}},"line":12},"1":{"name":"(anonymous_1)","decl":{"start":{"line":24,"column":24},"end":{"line":24,"column":25}},"loc":{"start":{"line":24,"column":36},"end":{"line":26,"column":3}},"line":24},"2":{"name":"(anonymous_2)","decl":{"start":{"line":28,"column":25},"end":{"line":28,"column":26}},"loc":{"start":{"line":28,"column":37},"end":{"line":30,"column":3}},"line":28},"3":{"name":"(anonymous_3)","decl":{"start":{"line":32,"column":12},"end":{"line":32,"column":13}},"loc":{"start":{"line":32,"column":18},"end":{"line":42,"column":3}},"line":32},"4":{"name":"(anonymous_4)","decl":{"start":{"line":49,"column":55},"end":{"line":49,"column":56}},"loc":{"start":{"line":50,"column":10},"end":{"line":57,"column":12}},"line":50}},"branchMap":{"0":{"loc":{"start":{"line":34,"column":4},"end":{"line":37,"column":5}},"type":"if","locations":[{"start":{"line":34,"column":4},"end":{"line":37,"column":5}},{"start":{},"end":{}}],"line":34},"1":{"loc":{"start":{"line":38,"column":4},"end":{"line":41,"column":5}},"type":"if","locations":[{"start":{"line":38,"column":4},"end":{"line":41,"column":5}},{"start":{},"end":{}}],"line":38},"2":{"loc":{"start":{"line":49,"column":9},"end":{"line":58,"column":10}},"type":"binary-expr","locations":[{"start":{"line":49,"column":9},"end":{"line":49,"column":19}},{"start":{"line":49,"column":23},"end":{"line":58,"column":10}}],"line":49},"3":{"loc":{"start":{"line":51,"column":19},"end":{"line":51,"column":49}},"type":"cond-expr","locations":[{"start":{"line":51,"column":31},"end":{"line":51,"column":38}},{"start":{"line":51,"column":41},"end":{"line":51,"column":49}}],"line":51},"4":{"loc":{"start":{"line":53,"column":19},"end":{"line":53,"column":42}},"type":"binary-expr","locations":[{"start":{"line":53,"column":19},"end":{"line":53,"column":28}},{"start":{"line":53,"column":32},"end":{"line":53,"column":42}}],"line":53},"5":{"loc":{"start":{"line":54,"column":18},"end":{"line":54,"column":51}},"type":"binary-expr","locations":[{"start":{"line":54,"column":18},"end":{"line":54,"column":32}},{"start":{"line":54,"column":36},"end":{"line":54,"column":51}}],"line":54},"6":{"loc":{"start":{"line":55,"column":18},"end":{"line":55,"column":39}},"type":"binary-expr","locations":[{"start":{"line":55,"column":18},"end":{"line":55,"column":26}},{"start":{"line":55,"column":30},"end":{"line":55,"column":39}}],"line":55},"7":{"loc":{"start":{"line":56,"column":17},"end":{"line":56,"column":38}},"type":"binary-expr","locations":[{"start":{"line":56,"column":17},"end":{"line":56,"column":25}},{"start":{"line":56,"column":29},"end":{"line":56,"column":38}}],"line":56},"8":{"loc":{"start":{"line":62,"column":8},"end":{"line":63,"column":34}},"type":"binary-expr","locations":[{"start":{"line":62,"column":9},"end":{"line":62,"column":20}},{"start":{"line":62,"column":24},"end":{"line":62,"column":42}},{"start":{"line":62,"column":47},"end":{"line":62,"column":62}},{"start":{"line":63,"column":13},"end":{"line":63,"column":34}}],"line":62}},"s":{"0":26,"1":26,"2":26,"3":11,"4":26,"5":2,"6":26,"7":13,"8":13,"9":11,"10":11,"11":13,"12":2,"13":2,"14":26,"15":68},"f":{"0":26,"1":11,"2":2,"3":13,"4":68},"b":{"0":[11,2],"1":[2,11],"2":[26,26],"3":[60,8],"4":[68,8],"5":[68,8],"6":[68,8],"7":[68,8],"8":[26,26,20,2]},"_coverageSchema":"1a1c01bbd47fc00a2c39e90264f33305004495a9","hash":"98cc4562528a1c59a1460b95d5ed112ed83ae12a"}
,"/home/carol/Projetos/sd-024-b-project-recipes-app/src/components/ResultsByCategories.js": {"path":"/home/carol/Projetos/sd-024-b-project-recipes-app/src/components/ResultsByCategories.js","statementMap":{"0":{"start":{"line":7,"column":37},"end":{"line":7,"column":59}},"1":{"start":{"line":9,"column":21},"end":{"line":41,"column":3}},"2":{"start":{"line":10,"column":4},"end":{"line":24,"column":5}},"3":{"start":{"line":11,"column":6},"end":{"line":23,"column":9}},"4":{"start":{"line":12,"column":8},"end":{"line":22,"column":15}},"5":{"start":{"line":26,"column":4},"end":{"line":40,"column":5}},"6":{"start":{"line":27,"column":6},"end":{"line":39,"column":9}},"7":{"start":{"line":28,"column":8},"end":{"line":38,"column":15}},"8":{"start":{"line":43,"column":2},"end":{"line":47,"column":4}}},"fnMap":{"0":{"name":"ResultsByCategory","decl":{"start":{"line":6,"column":24},"end":{"line":6,"column":41}},"loc":{"start":{"line":6,"column":44},"end":{"line":48,"column":1}},"line":6},"1":{"name":"(anonymous_1)","decl":{"start":{"line":9,"column":21},"end":{"line":9,"column":22}},"loc":{"start":{"line":9,"column":27},"end":{"line":41,"column":3}},"line":9},"2":{"name":"(anonymous_2)","decl":{"start":{"line":11,"column":33},"end":{"line":11,"column":34}},"loc":{"start":{"line":12,"column":8},"end":{"line":22,"column":15}},"line":12},"3":{"name":"(anonymous_3)","decl":{"start":{"line":27,"column":33},"end":{"line":27,"column":34}},"loc":{"start":{"line":28,"column":8},"end":{"line":38,"column":15}},"line":28}},"branchMap":{"0":{"loc":{"start":{"line":10,"column":4},"end":{"line":24,"column":5}},"type":"if","locations":[{"start":{"line":10,"column":4},"end":{"line":24,"column":5}},{"start":{},"end":{}}],"line":10},"1":{"loc":{"start":{"line":10,"column":8},"end":{"line":10,"column":56}},"type":"binary-expr","locations":[{"start":{"line":10,"column":8},"end":{"line":10,"column":25}},{"start":{"line":10,"column":29},"end":{"line":10,"column":56}}],"line":10},"2":{"loc":{"start":{"line":26,"column":4},"end":{"line":40,"column":5}},"type":"if","locations":[{"start":{"line":26,"column":4},"end":{"line":40,"column":5}},{"start":{},"end":{}}],"line":26},"3":{"loc":{"start":{"line":26,"column":8},"end":{"line":26,"column":57}},"type":"binary-expr","locations":[{"start":{"line":26,"column":8},"end":{"line":26,"column":26}},{"start":{"line":26,"column":30},"end":{"line":26,"column":57}}],"line":26}},"s":{"0":2,"1":2,"2":2,"3":0,"4":0,"5":2,"6":0,"7":0,"8":2},"f":{"0":2,"1":2,"2":0,"3":0},"b":{"0":[0,2],"1":[2,2],"2":[0,2],"3":[2,0]},"_coverageSchema":"1a1c01bbd47fc00a2c39e90264f33305004495a9","hash":"fd3d2303ed9769eed576cf24860e9977264ae10f"}
,"/home/carol/Projetos/sd-024-b-project-recipes-app/src/components/SearchBar.js": {"path":"/home/carol/Projetos/sd-024-b-project-recipes-app/src/components/SearchBar.js","statementMap":{"0":{"start":{"line":14,"column":36},"end":{"line":14,"column":58}},"1":{"start":{"line":15,"column":18},"end":{"line":15,"column":30}},"2":{"start":{"line":17,"column":28},"end":{"line":17,"column":50}},"3":{"start":{"line":19,"column":22},"end":{"line":21,"column":3}},"4":{"start":{"line":20,"column":4},"end":{"line":20,"column":34}},"5":{"start":{"line":23,"column":19},"end":{"line":33,"column":3}},"6":{"start":{"line":25,"column":4},"end":{"line":29,"column":5}},"7":{"start":{"line":26,"column":6},"end":{"line":26,"column":45}},"8":{"start":{"line":27,"column":6},"end":{"line":27,"column":32}},"9":{"start":{"line":28,"column":6},"end":{"line":28,"column":18}},"10":{"start":{"line":30,"column":4},"end":{"line":30,"column":44}},"11":{"start":{"line":31,"column":4},"end":{"line":31,"column":31}},"12":{"start":{"line":32,"column":4},"end":{"line":32,"column":16}},"13":{"start":{"line":35,"column":25},"end":{"line":47,"column":3}},"14":{"start":{"line":37,"column":4},"end":{"line":41,"column":5}},"15":{"start":{"line":38,"column":6},"end":{"line":38,"column":51}},"16":{"start":{"line":39,"column":6},"end":{"line":39,"column":32}},"17":{"start":{"line":40,"column":6},"end":{"line":40,"column":18}},"18":{"start":{"line":42,"column":4},"end":{"line":46,"column":5}},"19":{"start":{"line":43,"column":6},"end":{"line":43,"column":52}},"20":{"start":{"line":44,"column":6},"end":{"line":44,"column":33}},"21":{"start":{"line":45,"column":6},"end":{"line":45,"column":18}},"22":{"start":{"line":49,"column":26},"end":{"line":62,"column":3}},"23":{"start":{"line":51,"column":4},"end":{"line":60,"column":5}},"24":{"start":{"line":52,"column":6},"end":{"line":56,"column":7}},"25":{"start":{"line":53,"column":8},"end":{"line":53,"column":48}},"26":{"start":{"line":54,"column":8},"end":{"line":54,"column":34}},"27":{"start":{"line":55,"column":8},"end":{"line":55,"column":20}},"28":{"start":{"line":57,"column":6},"end":{"line":57,"column":47}},"29":{"start":{"line":58,"column":6},"end":{"line":58,"column":33}},"30":{"start":{"line":59,"column":6},"end":{"line":59,"column":18}},"31":{"start":{"line":61,"column":4},"end":{"line":61,"column":65}},"32":{"start":{"line":64,"column":22},"end":{"line":90,"column":3}},"33":{"start":{"line":66,"column":4},"end":{"line":81,"column":5}},"34":{"start":{"line":68,"column":6},"end":{"line":68,"column":36}},"35":{"start":{"line":69,"column":6},"end":{"line":69,"column":12}},"36":{"start":{"line":71,"column":6},"end":{"line":71,"column":30}},"37":{"start":{"line":72,"column":6},"end":{"line":72,"column":12}},"38":{"start":{"line":74,"column":6},"end":{"line":74,"column":31}},"39":{"start":{"line":75,"column":6},"end":{"line":77,"column":7}},"40":{"start":{"line":76,"column":8},"end":{"line":76,"column":15}},"41":{"start":{"line":78,"column":6},"end":{"line":78,"column":12}},"42":{"start":{"line":80,"column":6},"end":{"line":80,"column":24}},"43":{"start":{"line":82,"column":4},"end":{"line":86,"column":5}},"44":{"start":{"line":83,"column":6},"end":{"line":83,"column":53}},"45":{"start":{"line":84,"column":11},"end":{"line":86,"column":5}},"46":{"start":{"line":85,"column":6},"end":{"line":85,"column":56}},"47":{"start":{"line":87,"column":4},"end":{"line":89,"column":5}},"48":{"start":{"line":88,"column":6},"end":{"line":88,"column":78}},"49":{"start":{"line":92,"column":2},"end":{"line":144,"column":4}},"50":{"start":{"line":147,"column":0},"end":{"line":150,"column":2}}},"fnMap":{"0":{"name":"SearchBar","decl":{"start":{"line":13,"column":24},"end":{"line":13,"column":33}},"loc":{"start":{"line":13,"column":58},"end":{"line":145,"column":1}},"line":13},"1":{"name":"(anonymous_1)","decl":{"start":{"line":19,"column":22},"end":{"line":19,"column":23}},"loc":{"start":{"line":19,"column":38},"end":{"line":21,"column":3}},"line":19},"2":{"name":"(anonymous_2)","decl":{"start":{"line":23,"column":19},"end":{"line":23,"column":20}},"loc":{"start":{"line":23,"column":31},"end":{"line":33,"column":3}},"line":23},"3":{"name":"(anonymous_3)","decl":{"start":{"line":35,"column":25},"end":{"line":35,"column":26}},"loc":{"start":{"line":35,"column":37},"end":{"line":47,"column":3}},"line":35},"4":{"name":"(anonymous_4)","decl":{"start":{"line":49,"column":26},"end":{"line":49,"column":27}},"loc":{"start":{"line":49,"column":38},"end":{"line":62,"column":3}},"line":49},"5":{"name":"(anonymous_5)","decl":{"start":{"line":64,"column":22},"end":{"line":64,"column":23}},"loc":{"start":{"line":64,"column":34},"end":{"line":90,"column":3}},"line":64}},"branchMap":{"0":{"loc":{"start":{"line":25,"column":4},"end":{"line":29,"column":5}},"type":"if","locations":[{"start":{"line":25,"column":4},"end":{"line":29,"column":5}},{"start":{},"end":{}}],"line":25},"1":{"loc":{"start":{"line":37,"column":4},"end":{"line":41,"column":5}},"type":"if","locations":[{"start":{"line":37,"column":4},"end":{"line":41,"column":5}},{"start":{},"end":{}}],"line":37},"2":{"loc":{"start":{"line":42,"column":4},"end":{"line":46,"column":5}},"type":"if","locations":[{"start":{"line":42,"column":4},"end":{"line":46,"column":5}},{"start":{},"end":{}}],"line":42},"3":{"loc":{"start":{"line":51,"column":4},"end":{"line":60,"column":5}},"type":"if","locations":[{"start":{"line":51,"column":4},"end":{"line":60,"column":5}},{"start":{},"end":{}}],"line":51},"4":{"loc":{"start":{"line":52,"column":6},"end":{"line":56,"column":7}},"type":"if","locations":[{"start":{"line":52,"column":6},"end":{"line":56,"column":7}},{"start":{},"end":{}}],"line":52},"5":{"loc":{"start":{"line":66,"column":4},"end":{"line":81,"column":5}},"type":"switch","locations":[{"start":{"line":67,"column":4},"end":{"line":69,"column":12}},{"start":{"line":70,"column":4},"end":{"line":72,"column":12}},{"start":{"line":73,"column":4},"end":{"line":78,"column":12}},{"start":{"line":79,"column":4},"end":{"line":80,"column":24}}],"line":66},"6":{"loc":{"start":{"line":75,"column":6},"end":{"line":77,"column":7}},"type":"if","locations":[{"start":{"line":75,"column":6},"end":{"line":77,"column":7}},{"start":{},"end":{}}],"line":75},"7":{"loc":{"start":{"line":75,"column":10},"end":{"line":75,"column":51}},"type":"binary-expr","locations":[{"start":{"line":75,"column":10},"end":{"line":75,"column":28}},{"start":{"line":75,"column":32},"end":{"line":75,"column":51}}],"line":75},"8":{"loc":{"start":{"line":82,"column":4},"end":{"line":86,"column":5}},"type":"if","locations":[{"start":{"line":82,"column":4},"end":{"line":86,"column":5}},{"start":{"line":84,"column":11},"end":{"line":86,"column":5}}],"line":82},"9":{"loc":{"start":{"line":82,"column":8},"end":{"line":82,"column":53}},"type":"binary-expr","locations":[{"start":{"line":82,"column":8},"end":{"line":82,"column":12}},{"start":{"line":82,"column":16},"end":{"line":82,"column":26}},{"start":{"line":82,"column":30},"end":{"line":82,"column":53}}],"line":82},"10":{"loc":{"start":{"line":84,"column":11},"end":{"line":86,"column":5}},"type":"if","locations":[{"start":{"line":84,"column":11},"end":{"line":86,"column":5}},{"start":{},"end":{}}],"line":84},"11":{"loc":{"start":{"line":84,"column":15},"end":{"line":84,"column":62}},"type":"binary-expr","locations":[{"start":{"line":84,"column":15},"end":{"line":84,"column":19}},{"start":{"line":84,"column":23},"end":{"line":84,"column":34}},{"start":{"line":84,"column":38},"end":{"line":84,"column":62}}],"line":84},"12":{"loc":{"start":{"line":87,"column":4},"end":{"line":89,"column":5}},"type":"if","locations":[{"start":{"line":87,"column":4},"end":{"line":89,"column":5}},{"start":{},"end":{}}],"line":87},"13":{"loc":{"start":{"line":87,"column":8},"end":{"line":87,"column":49}},"type":"binary-expr","locations":[{"start":{"line":87,"column":8},"end":{"line":87,"column":26}},{"start":{"line":87,"column":30},"end":{"line":87,"column":49}}],"line":87}},"s":{"0":87,"1":87,"2":87,"3":87,"4":9,"5":87,"6":5,"7":3,"8":2,"9":2,"10":2,"11":1,"12":1,"13":87,"14":6,"15":6,"16":5,"17":5,"18":0,"19":0,"20":0,"21":0,"22":87,"23":2,"24":0,"25":0,"26":0,"27":0,"28":0,"29":0,"30":0,"31":2,"32":87,"33":13,"34":6,"35":5,"36":5,"37":3,"38":2,"39":2,"40":2,"41":0,"42":0,"43":8,"44":0,"45":8,"46":0,"47":8,"48":0,"49":87,"50":6},"f":{"0":87,"1":9,"2":5,"3":6,"4":2,"5":13},"b":{"0":[3,2],"1":[6,0],"2":[0,0],"3":[0,2],"4":[0,0],"5":[6,5,2,0],"6":[2,0],"7":[2,2],"8":[0,8],"9":[8,8,7],"10":[0,8],"11":[8,8,1],"12":[0,8],"13":[8,1]},"_coverageSchema":"1a1c01bbd47fc00a2c39e90264f33305004495a9","hash":"8b0b841e103b517649af5ce632604a7f1f5bb67d"}
,"/home/carol/Projetos/sd-024-b-project-recipes-app/src/context/AppContext.js": {"path":"/home/carol/Projetos/sd-024-b-project-recipes-app/src/context/AppContext.js","statementMap":{"0":{"start":{"line":3,"column":19},"end":{"line":3,"column":36}}},"fnMap":{},"branchMap":{},"s":{"0":7},"f":{},"b":{},"_coverageSchema":"1a1c01bbd47fc00a2c39e90264f33305004495a9","hash":"0c0022265915d41ba846e4cb84d199e1a2892105"}
,"/home/carol/Projetos/sd-024-b-project-recipes-app/src/context/AppProvider.js": {"path":"/home/carol/Projetos/sd-024-b-project-recipes-app/src/context/AppProvider.js","statementMap":{"0":{"start":{"line":6,"column":28},"end":{"line":6,"column":40}},"1":{"start":{"line":7,"column":28},"end":{"line":7,"column":45}},"2":{"start":{"line":8,"column":38},"end":{"line":8,"column":50}},"3":{"start":{"line":9,"column":34},"end":{"line":9,"column":46}},"4":{"start":{"line":10,"column":48},"end":{"line":10,"column":60}},"5":{"start":{"line":11,"column":48},"end":{"line":11,"column":63}},"6":{"start":{"line":12,"column":30},"end":{"line":12,"column":42}},"7":{"start":{"line":14,"column":19},"end":{"line":29,"column":85}},"8":{"start":{"line":14,"column":34},"end":{"line":29,"column":3}},"9":{"start":{"line":32,"column":2},"end":{"line":59,"column":14}},"10":{"start":{"line":34,"column":4},"end":{"line":45,"column":5}},"11":{"start":{"line":35,"column":6},"end":{"line":35,"column":75}},"12":{"start":{"line":36,"column":36},"end":{"line":43,"column":7}},"13":{"start":{"line":37,"column":25},"end":{"line":37,"column":46}},"14":{"start":{"line":38,"column":21},"end":{"line":38,"column":42}},"15":{"start":{"line":39,"column":27},"end":{"line":39,"column":37}},"16":{"start":{"line":40,"column":21},"end":{"line":40,"column":22}},"17":{"start":{"line":41,"column":34},"end":{"line":41,"column":59}},"18":{"start":{"line":42,"column":8},"end":{"line":42,"column":39}},"19":{"start":{"line":44,"column":6},"end":{"line":44,"column":38}},"20":{"start":{"line":47,"column":4},"end":{"line":58,"column":5}},"21":{"start":{"line":48,"column":6},"end":{"line":48,"column":79}},"22":{"start":{"line":49,"column":36},"end":{"line":56,"column":7}},"23":{"start":{"line":50,"column":25},"end":{"line":50,"column":46}},"24":{"start":{"line":51,"column":21},"end":{"line":51,"column":42}},"25":{"start":{"line":52,"column":27},"end":{"line":52,"column":38}},"26":{"start":{"line":53,"column":21},"end":{"line":53,"column":22}},"27":{"start":{"line":54,"column":34},"end":{"line":54,"column":59}},"28":{"start":{"line":55,"column":8},"end":{"line":55,"column":39}},"29":{"start":{"line":57,"column":6},"end":{"line":57,"column":38}},"30":{"start":{"line":61,"column":2},"end":{"line":65,"column":4}},"31":{"start":{"line":68,"column":0},"end":{"line":70,"column":2}}},"fnMap":{"0":{"name":"AppProvider","decl":{"start":{"line":5,"column":9},"end":{"line":5,"column":20}},"loc":{"start":{"line":5,"column":35},"end":{"line":66,"column":1}},"line":5},"1":{"name":"(anonymous_1)","decl":{"start":{"line":14,"column":27},"end":{"line":14,"column":28}},"loc":{"start":{"line":14,"column":34},"end":{"line":29,"column":3}},"line":14},"2":{"name":"(anonymous_2)","decl":{"start":{"line":32,"column":12},"end":{"line":32,"column":13}},"loc":{"start":{"line":32,"column":18},"end":{"line":59,"column":3}},"line":32},"3":{"name":"(anonymous_3)","decl":{"start":{"line":36,"column":36},"end":{"line":36,"column":37}},"loc":{"start":{"line":36,"column":56},"end":{"line":43,"column":7}},"line":36},"4":{"name":"(anonymous_4)","decl":{"start":{"line":49,"column":36},"end":{"line":49,"column":37}},"loc":{"start":{"line":49,"column":56},"end":{"line":56,"column":7}},"line":49}},"branchMap":{"0":{"loc":{"start":{"line":34,"column":4},"end":{"line":45,"column":5}},"type":"if","locations":[{"start":{"line":34,"column":4},"end":{"line":45,"column":5}},{"start":{},"end":{}}],"line":34},"1":{"loc":{"start":{"line":47,"column":4},"end":{"line":58,"column":5}},"type":"if","locations":[{"start":{"line":47,"column":4},"end":{"line":58,"column":5}},{"start":{},"end":{}}],"line":47}},"s":{"0":165,"1":165,"2":165,"3":165,"4":165,"5":165,"6":165,"7":165,"8":156,"9":165,"10":32,"11":31,"12":31,"13":31,"14":12,"15":12,"16":12,"17":12,"18":12,"19":31,"20":32,"21":1,"22":1,"23":1,"24":1,"25":1,"26":1,"27":1,"28":1,"29":1,"30":165,"31":7},"f":{"0":165,"1":156,"2":32,"3":31,"4":1},"b":{"0":[31,1],"1":[1,31]},"_coverageSchema":"1a1c01bbd47fc00a2c39e90264f33305004495a9","hash":"ff229cd5ebf648577b82f626c004cdc09a04eaf7"}
,"/home/carol/Projetos/sd-024-b-project-recipes-app/src/helpers/API.js": {"path":"/home/carol/Projetos/sd-024-b-project-recipes-app/src/helpers/API.js","statementMap":{"0":{"start":{"line":2,"column":14},"end":{"line":2,"column":82}},"1":{"start":{"line":3,"column":19},"end":{"line":3,"column":35}},"2":{"start":{"line":4,"column":15},"end":{"line":4,"column":36}},"3":{"start":{"line":5,"column":2},"end":{"line":5,"column":14}},"4":{"start":{"line":9,"column":14},"end":{"line":9,"column":76}},"5":{"start":{"line":10,"column":19},"end":{"line":10,"column":35}},"6":{"start":{"line":11,"column":15},"end":{"line":11,"column":36}},"7":{"start":{"line":12,"column":2},"end":{"line":12,"column":14}},"8":{"start":{"line":16,"column":14},"end":{"line":16,"column":83}},"9":{"start":{"line":17,"column":19},"end":{"line":17,"column":35}},"10":{"start":{"line":18,"column":15},"end":{"line":18,"column":36}},"11":{"start":{"line":19,"column":2},"end":{"line":19,"column":14}},"12":{"start":{"line":23,"column":14},"end":{"line":23,"column":86}},"13":{"start":{"line":24,"column":19},"end":{"line":24,"column":35}},"14":{"start":{"line":25,"column":15},"end":{"line":25,"column":36}},"15":{"start":{"line":26,"column":2},"end":{"line":26,"column":14}},"16":{"start":{"line":30,"column":14},"end":{"line":30,"column":80}},"17":{"start":{"line":31,"column":19},"end":{"line":31,"column":35}},"18":{"start":{"line":32,"column":15},"end":{"line":32,"column":36}},"19":{"start":{"line":33,"column":2},"end":{"line":33,"column":14}},"20":{"start":{"line":37,"column":14},"end":{"line":37,"column":87}},"21":{"start":{"line":38,"column":19},"end":{"line":38,"column":35}},"22":{"start":{"line":39,"column":15},"end":{"line":39,"column":36}},"23":{"start":{"line":40,"column":2},"end":{"line":40,"column":14}},"24":{"start":{"line":44,"column":14},"end":{"line":44,"column":74}},"25":{"start":{"line":45,"column":19},"end":{"line":45,"column":35}},"26":{"start":{"line":46,"column":15},"end":{"line":46,"column":36}},"27":{"start":{"line":47,"column":2},"end":{"line":47,"column":14}},"28":{"start":{"line":51,"column":14},"end":{"line":51,"column":78}},"29":{"start":{"line":52,"column":19},"end":{"line":52,"column":35}},"30":{"start":{"line":53,"column":15},"end":{"line":53,"column":36}},"31":{"start":{"line":54,"column":2},"end":{"line":54,"column":14}},"32":{"start":{"line":58,"column":14},"end":{"line":58,"column":69}},"33":{"start":{"line":60,"column":19},"end":{"line":60,"column":35}},"34":{"start":{"line":61,"column":15},"end":{"line":61,"column":36}},"35":{"start":{"line":62,"column":36},"end":{"line":62,"column":37}},"36":{"start":{"line":64,"column":25},"end":{"line":69,"column":7}},"37":{"start":{"line":65,"column":26},"end":{"line":65,"column":59}},"38":{"start":{"line":65,"column":73},"end":{"line":69,"column":5}},"39":{"start":{"line":71,"column":2},"end":{"line":71,"column":24}},"40":{"start":{"line":75,"column":14},"end":{"line":75,"column":73}},"41":{"start":{"line":76,"column":19},"end":{"line":76,"column":35}},"42":{"start":{"line":77,"column":15},"end":{"line":77,"column":36}},"43":{"start":{"line":78,"column":36},"end":{"line":78,"column":37}},"44":{"start":{"line":80,"column":25},"end":{"line":85,"column":7}},"45":{"start":{"line":81,"column":26},"end":{"line":81,"column":59}},"46":{"start":{"line":81,"column":73},"end":{"line":85,"column":5}},"47":{"start":{"line":87,"column":2},"end":{"line":87,"column":24}},"48":{"start":{"line":91,"column":14},"end":{"line":91,"column":69}},"49":{"start":{"line":92,"column":19},"end":{"line":92,"column":35}},"50":{"start":{"line":93,"column":15},"end":{"line":93,"column":36}},"51":{"start":{"line":94,"column":36},"end":{"line":94,"column":38}},"52":{"start":{"line":96,"column":25},"end":{"line":97,"column":60}},"53":{"start":{"line":97,"column":26},"end":{"line":97,"column":59}},"54":{"start":{"line":99,"column":2},"end":{"line":99,"column":24}},"55":{"start":{"line":103,"column":14},"end":{"line":103,"column":73}},"56":{"start":{"line":104,"column":19},"end":{"line":104,"column":35}},"57":{"start":{"line":105,"column":15},"end":{"line":105,"column":36}},"58":{"start":{"line":106,"column":36},"end":{"line":106,"column":38}},"59":{"start":{"line":108,"column":25},"end":{"line":109,"column":60}},"60":{"start":{"line":109,"column":26},"end":{"line":109,"column":59}},"61":{"start":{"line":111,"column":2},"end":{"line":111,"column":24}}},"fnMap":{"0":{"name":"mealsIngredientApi","decl":{"start":{"line":1,"column":22},"end":{"line":1,"column":40}},"loc":{"start":{"line":1,"column":53},"end":{"line":6,"column":1}},"line":1},"1":{"name":"mealsNameApi","decl":{"start":{"line":8,"column":22},"end":{"line":8,"column":34}},"loc":{"start":{"line":8,"column":41},"end":{"line":13,"column":1}},"line":8},"2":{"name":"mealsFirstApi","decl":{"start":{"line":15,"column":22},"end":{"line":15,"column":35}},"loc":{"start":{"line":15,"column":49},"end":{"line":20,"column":1}},"line":15},"3":{"name":"drinksIngredientApi","decl":{"start":{"line":22,"column":22},"end":{"line":22,"column":41}},"loc":{"start":{"line":22,"column":54},"end":{"line":27,"column":1}},"line":22},"4":{"name":"drinksNameApi","decl":{"start":{"line":29,"column":22},"end":{"line":29,"column":35}},"loc":{"start":{"line":29,"column":42},"end":{"line":34,"column":1}},"line":29},"5":{"name":"drinksFirstApi","decl":{"start":{"line":36,"column":22},"end":{"line":36,"column":36}},"loc":{"start":{"line":36,"column":50},"end":{"line":41,"column":1}},"line":36},"6":{"name":"mealDetailsApi","decl":{"start":{"line":43,"column":22},"end":{"line":43,"column":36}},"loc":{"start":{"line":43,"column":41},"end":{"line":48,"column":1}},"line":43},"7":{"name":"drinkDetailsApi","decl":{"start":{"line":50,"column":22},"end":{"line":50,"column":37}},"loc":{"start":{"line":50,"column":42},"end":{"line":55,"column":1}},"line":50},"8":{"name":"mealRecommendationApi","decl":{"start":{"line":57,"column":22},"end":{"line":57,"column":43}},"loc":{"start":{"line":57,"column":46},"end":{"line":72,"column":1}},"line":57},"9":{"name":"(anonymous_9)","decl":{"start":{"line":65,"column":12},"end":{"line":65,"column":13}},"loc":{"start":{"line":65,"column":26},"end":{"line":65,"column":59}},"line":65},"10":{"name":"(anonymous_10)","decl":{"start":{"line":65,"column":65},"end":{"line":65,"column":66}},"loc":{"start":{"line":65,"column":73},"end":{"line":69,"column":5}},"line":65},"11":{"name":"drinkRecommendationApi","decl":{"start":{"line":74,"column":22},"end":{"line":74,"column":44}},"loc":{"start":{"line":74,"column":47},"end":{"line":88,"column":1}},"line":74},"12":{"name":"(anonymous_12)","decl":{"start":{"line":81,"column":12},"end":{"line":81,"column":13}},"loc":{"start":{"line":81,"column":26},"end":{"line":81,"column":59}},"line":81},"13":{"name":"(anonymous_13)","decl":{"start":{"line":81,"column":65},"end":{"line":81,"column":66}},"loc":{"start":{"line":81,"column":73},"end":{"line":85,"column":5}},"line":81},"14":{"name":"meals12recipesApi","decl":{"start":{"line":90,"column":22},"end":{"line":90,"column":39}},"loc":{"start":{"line":90,"column":42},"end":{"line":100,"column":1}},"line":90},"15":{"name":"(anonymous_15)","decl":{"start":{"line":97,"column":12},"end":{"line":97,"column":13}},"loc":{"start":{"line":97,"column":26},"end":{"line":97,"column":59}},"line":97},"16":{"name":"drinks12recipesApi","decl":{"start":{"line":102,"column":22},"end":{"line":102,"column":40}},"loc":{"start":{"line":102,"column":43},"end":{"line":112,"column":1}},"line":102},"17":{"name":"(anonymous_17)","decl":{"start":{"line":109,"column":12},"end":{"line":109,"column":13}},"loc":{"start":{"line":109,"column":26},"end":{"line":109,"column":59}},"line":109}},"branchMap":{},"s":{"0":6,"1":6,"2":5,"3":5,"4":3,"5":3,"6":2,"7":2,"8":0,"9":0,"10":0,"11":0,"12":0,"13":0,"14":0,"15":0,"16":2,"17":2,"18":1,"19":1,"20":0,"21":0,"22":0,"23":0,"24":2,"25":2,"26":2,"27":2,"28":0,"29":0,"30":0,"31":0,"32":0,"33":0,"34":0,"35":0,"36":0,"37":0,"38":0,"39":0,"40":2,"41":2,"42":1,"43":1,"44":1,"45":25,"46":6,"47":1,"48":11,"49":11,"50":6,"51":6,"52":6,"53":150,"54":6,"55":2,"56":2,"57":0,"58":0,"59":0,"60":0,"61":0},"f":{"0":6,"1":3,"2":0,"3":0,"4":2,"5":0,"6":2,"7":0,"8":0,"9":0,"10":0,"11":2,"12":25,"13":6,"14":11,"15":150,"16":2,"17":0},"b":{},"_coverageSchema":"1a1c01bbd47fc00a2c39e90264f33305004495a9","hash":"d2e7514d4d3389a108fc72f23cad1173104e934f"}
,"/home/carol/Projetos/sd-024-b-project-recipes-app/src/pages/DoneRecipesPage.js": {"path":"/home/carol/Projetos/sd-024-b-project-recipes-app/src/pages/DoneRecipesPage.js","statementMap":{"0":{"start":{"line":6,"column":2},"end":{"line":11,"column":4}}},"fnMap":{"0":{"name":"DoneRecipesPage","decl":{"start":{"line":5,"column":9},"end":{"line":5,"column":24}},"loc":{"start":{"line":5,"column":27},"end":{"line":12,"column":1}},"line":5}},"branchMap":{},"s":{"0":0},"f":{"0":0},"b":{},"_coverageSchema":"1a1c01bbd47fc00a2c39e90264f33305004495a9","hash":"e4c7e0f080c24ad533077334f93466375b5334f6"}
,"/home/carol/Projetos/sd-024-b-project-recipes-app/src/pages/Drinks.js": {"path":"/home/carol/Projetos/sd-024-b-project-recipes-app/src/pages/Drinks.js","statementMap":{"0":{"start":{"line":8,"column":25},"end":{"line":8,"column":47}},"1":{"start":{"line":9,"column":17},"end":{"line":9,"column":19}},"2":{"start":{"line":10,"column":2},"end":{"line":23,"column":4}},"3":{"start":{"line":14,"column":8},"end":{"line":19,"column":10}}},"fnMap":{"0":{"name":"Drinks","decl":{"start":{"line":7,"column":24},"end":{"line":7,"column":30}},"loc":{"start":{"line":7,"column":33},"end":{"line":24,"column":1}},"line":7},"1":{"name":"(anonymous_1)","decl":{"start":{"line":13,"column":53},"end":{"line":13,"column":54}},"loc":{"start":{"line":14,"column":8},"end":{"line":19,"column":10}},"line":14}},"branchMap":{"0":{"loc":{"start":{"line":13,"column":7},"end":{"line":20,"column":8}},"type":"binary-expr","locations":[{"start":{"line":13,"column":7},"end":{"line":13,"column":17}},{"start":{"line":13,"column":21},"end":{"line":20,"column":8}}],"line":13}},"s":{"0":2,"1":2,"2":2,"3":0},"f":{"0":2,"1":0},"b":{"0":[2,2]},"_coverageSchema":"1a1c01bbd47fc00a2c39e90264f33305004495a9","hash":"8259a9a561bfa022ba2bf59a38914129e9e79cf9"}
,"/home/carol/Projetos/sd-024-b-project-recipes-app/src/pages/FavoriteRecipes.js": {"path":"/home/carol/Projetos/sd-024-b-project-recipes-app/src/pages/FavoriteRecipes.js","statementMap":{"0":{"start":{"line":5,"column":2},"end":{"line":11,"column":4}}},"fnMap":{"0":{"name":"FavoriteRecipes","decl":{"start":{"line":4,"column":24},"end":{"line":4,"column":39}},"loc":{"start":{"line":4,"column":42},"end":{"line":12,"column":1}},"line":4}},"branchMap":{},"s":{"0":0},"f":{"0":0},"b":{},"_coverageSchema":"1a1c01bbd47fc00a2c39e90264f33305004495a9","hash":"88493468a8192ca7c9ea324ab68fc450961442e2"}
,"/home/carol/Projetos/sd-024-b-project-recipes-app/src/pages/Meals.js": {"path":"/home/carol/Projetos/sd-024-b-project-recipes-app/src/pages/Meals.js","statementMap":{"0":{"start":{"line":8,"column":25},"end":{"line":8,"column":47}},"1":{"start":{"line":9,"column":17},"end":{"line":9,"column":19}},"2":{"start":{"line":10,"column":2},"end":{"line":23,"column":4}},"3":{"start":{"line":14,"column":8},"end":{"line":19,"column":10}}},"fnMap":{"0":{"name":"Meals","decl":{"start":{"line":7,"column":9},"end":{"line":7,"column":14}},"loc":{"start":{"line":7,"column":17},"end":{"line":24,"column":1}},"line":7},"1":{"name":"(anonymous_1)","decl":{"start":{"line":13,"column":53},"end":{"line":13,"column":54}},"loc":{"start":{"line":14,"column":8},"end":{"line":19,"column":10}},"line":14}},"branchMap":{"0":{"loc":{"start":{"line":13,"column":7},"end":{"line":20,"column":8}},"type":"binary-expr","locations":[{"start":{"line":13,"column":7},"end":{"line":13,"column":17}},{"start":{"line":13,"column":21},"end":{"line":20,"column":8}}],"line":13}},"s":{"0":5,"1":4,"2":4,"3":12},"f":{"0":5,"1":12},"b":{"0":[4,4]},"_coverageSchema":"1a1c01bbd47fc00a2c39e90264f33305004495a9","hash":"fbc101b9442a84dd902b4310945a8d95a37dd19e"}
,"/home/carol/Projetos/sd-024-b-project-recipes-app/src/pages/NotFound.js": {"path":"/home/carol/Projetos/sd-024-b-project-recipes-app/src/pages/NotFound.js","statementMap":{"0":{"start":{"line":4,"column":2},"end":{"line":6,"column":4}}},"fnMap":{"0":{"name":"NotFound","decl":{"start":{"line":3,"column":24},"end":{"line":3,"column":32}},"loc":{"start":{"line":3,"column":35},"end":{"line":7,"column":1}},"line":3}},"branchMap":{},"s":{"0":0},"f":{"0":0},"b":{}}
,"/home/carol/Projetos/sd-024-b-project-recipes-app/src/pages/ProfilePage.js": {"path":"/home/carol/Projetos/sd-024-b-project-recipes-app/src/pages/ProfilePage.js","statementMap":{"0":{"start":{"line":7,"column":2},"end":{"line":13,"column":4}}},"fnMap":{"0":{"name":"ProfilePage","decl":{"start":{"line":6,"column":9},"end":{"line":6,"column":20}},"loc":{"start":{"line":6,"column":23},"end":{"line":14,"column":1}},"line":6}},"branchMap":{},"s":{"0":6},"f":{"0":6},"b":{},"_coverageSchema":"1a1c01bbd47fc00a2c39e90264f33305004495a9","hash":"2560a3b331f96b1b39447e0d9b671d2c3a97d0f3"}
,"/home/carol/Projetos/sd-024-b-project-recipes-app/src/pages/RecipeDetails.js": {"path":"/home/carol/Projetos/sd-024-b-project-recipes-app/src/pages/RecipeDetails.js","statementMap":{"0":{"start":{"line":14,"column":34},"end":{"line":14,"column":49}},"1":{"start":{"line":15,"column":32},"end":{"line":15,"column":54}},"2":{"start":{"line":16,"column":17},"end":{"line":16,"column":28}},"3":{"start":{"line":17,"column":18},"end":{"line":17,"column":30}},"4":{"start":{"line":19,"column":28},"end":{"line":22,"column":3}},"5":{"start":{"line":20,"column":25},"end":{"line":20,"column":55}},"6":{"start":{"line":21,"column":4},"end":{"line":21,"column":34}},"7":{"start":{"line":24,"column":29},"end":{"line":27,"column":3}},"8":{"start":{"line":25,"column":24},"end":{"line":25,"column":55}},"9":{"start":{"line":26,"column":4},"end":{"line":26,"column":34}},"10":{"start":{"line":29,"column":22},"end":{"line":36,"column":3}},"11":{"start":{"line":30,"column":18},"end":{"line":30,"column":26}},"12":{"start":{"line":31,"column":4},"end":{"line":35,"column":5}},"13":{"start":{"line":32,"column":6},"end":{"line":32,"column":61}},"14":{"start":{"line":34,"column":6},"end":{"line":34,"column":63}},"15":{"start":{"line":38,"column":21},"end":{"line":42,"column":3}},"16":{"start":{"line":39,"column":16},"end":{"line":39,"column":36}},"17":{"start":{"line":40,"column":4},"end":{"line":40,"column":14}},"18":{"start":{"line":41,"column":4},"end":{"line":41,"column":22}},"19":{"start":{"line":44,"column":25},"end":{"line":59,"column":3}},"20":{"start":{"line":45,"column":31},"end":{"line":45,"column":88}},"21":{"start":{"line":46,"column":31},"end":{"line":57,"column":5}},"22":{"start":{"line":58,"column":4},"end":{"line":58,"column":80}},"23":{"start":{"line":61,"column":2},"end":{"line":70,"column":21}},"24":{"start":{"line":62,"column":38},"end":{"line":68,"column":5}},"25":{"start":{"line":63,"column":20},"end":{"line":63,"column":28}},"26":{"start":{"line":64,"column":22},"end":{"line":66,"column":38}},"27":{"start":{"line":67,"column":6},"end":{"line":67,"column":21}},"28":{"start":{"line":69,"column":4},"end":{"line":69,"column":32}},"29":{"start":{"line":72,"column":17},"end":{"line":75,"column":3}},"30":{"start":{"line":77,"column":2},"end":{"line":108,"column":4}},"31":{"start":{"line":87,"column":26},"end":{"line":87,"column":38}},"32":{"start":{"line":95,"column":26},"end":{"line":95,"column":42}},"33":{"start":{"line":111,"column":0},"end":{"line":115,"column":2}}},"fnMap":{"0":{"name":"RecipeDetails","decl":{"start":{"line":13,"column":24},"end":{"line":13,"column":37}},"loc":{"start":{"line":13,"column":66},"end":{"line":109,"column":1}},"line":13},"1":{"name":"(anonymous_1)","decl":{"start":{"line":19,"column":28},"end":{"line":19,"column":29}},"loc":{"start":{"line":19,"column":48},"end":{"line":22,"column":3}},"line":19},"2":{"name":"(anonymous_2)","decl":{"start":{"line":24,"column":29},"end":{"line":24,"column":30}},"loc":{"start":{"line":24,"column":49},"end":{"line":27,"column":3}},"line":24},"3":{"name":"(anonymous_3)","decl":{"start":{"line":29,"column":22},"end":{"line":29,"column":23}},"loc":{"start":{"line":29,"column":28},"end":{"line":36,"column":3}},"line":29},"4":{"name":"(anonymous_4)","decl":{"start":{"line":38,"column":21},"end":{"line":38,"column":22}},"loc":{"start":{"line":38,"column":27},"end":{"line":42,"column":3}},"line":38},"5":{"name":"(anonymous_5)","decl":{"start":{"line":44,"column":25},"end":{"line":44,"column":26}},"loc":{"start":{"line":44,"column":31},"end":{"line":59,"column":3}},"line":44},"6":{"name":"(anonymous_6)","decl":{"start":{"line":61,"column":12},"end":{"line":61,"column":13}},"loc":{"start":{"line":61,"column":18},"end":{"line":70,"column":3}},"line":61},"7":{"name":"(anonymous_7)","decl":{"start":{"line":62,"column":38},"end":{"line":62,"column":39}},"loc":{"start":{"line":62,"column":50},"end":{"line":68,"column":5}},"line":62},"8":{"name":"(anonymous_8)","decl":{"start":{"line":87,"column":20},"end":{"line":87,"column":21}},"loc":{"start":{"line":87,"column":26},"end":{"line":87,"column":38}},"line":87},"9":{"name":"(anonymous_9)","decl":{"start":{"line":95,"column":20},"end":{"line":95,"column":21}},"loc":{"start":{"line":95,"column":26},"end":{"line":95,"column":42}},"line":95}},"branchMap":{"0":{"loc":{"start":{"line":31,"column":4},"end":{"line":35,"column":5}},"type":"if","locations":[{"start":{"line":31,"column":4},"end":{"line":35,"column":5}},{"start":{"line":33,"column":11},"end":{"line":35,"column":5}}],"line":31},"1":{"loc":{"start":{"line":45,"column":31},"end":{"line":45,"column":88}},"type":"binary-expr","locations":[{"start":{"line":45,"column":31},"end":{"line":45,"column":82}},{"start":{"line":45,"column":86},"end":{"line":45,"column":88}}],"line":45},"2":{"loc":{"start":{"line":49,"column":12},"end":{"line":49,"column":49}},"type":"binary-expr","locations":[{"start":{"line":49,"column":12},"end":{"line":49,"column":29}},{"start":{"line":49,"column":33},"end":{"line":49,"column":49}}],"line":49},"3":{"loc":{"start":{"line":50,"column":14},"end":{"line":50,"column":59}},"type":"cond-expr","locations":[{"start":{"line":50,"column":43},"end":{"line":50,"column":50}},{"start":{"line":50,"column":53},"end":{"line":50,"column":59}}],"line":50},"4":{"loc":{"start":{"line":51,"column":21},"end":{"line":51,"column":44}},"type":"binary-expr","locations":[{"start":{"line":51,"column":21},"end":{"line":51,"column":38}},{"start":{"line":51,"column":42},"end":{"line":51,"column":44}}],"line":51},"5":{"loc":{"start":{"line":53,"column":24},"end":{"line":53,"column":52}},"type":"binary-expr","locations":[{"start":{"line":53,"column":24},"end":{"line":53,"column":46}},{"start":{"line":53,"column":50},"end":{"line":53,"column":52}}],"line":53},"6":{"loc":{"start":{"line":54,"column":14},"end":{"line":54,"column":53}},"type":"binary-expr","locations":[{"start":{"line":54,"column":14},"end":{"line":54,"column":32}},{"start":{"line":54,"column":36},"end":{"line":54,"column":53}}],"line":54},"7":{"loc":{"start":{"line":55,"column":15},"end":{"line":55,"column":64}},"type":"binary-expr","locations":[{"start":{"line":55,"column":15},"end":{"line":55,"column":38}},{"start":{"line":55,"column":42},"end":{"line":55,"column":64}}],"line":55},"8":{"loc":{"start":{"line":64,"column":22},"end":{"line":66,"column":38}},"type":"cond-expr","locations":[{"start":{"line":65,"column":10},"end":{"line":65,"column":37}},{"start":{"line":66,"column":10},"end":{"line":66,"column":38}}],"line":64},"9":{"loc":{"start":{"line":89,"column":9},"end":{"line":89,"column":46}},"type":"binary-expr","locations":[{"start":{"line":89,"column":9},"end":{"line":89,"column":17}},{"start":{"line":89,"column":21},"end":{"line":89,"column":46}}],"line":89}},"s":{"0":8,"1":8,"2":8,"3":8,"4":8,"5":2,"6":2,"7":8,"8":0,"9":0,"10":8,"11":0,"12":0,"13":0,"14":0,"15":8,"16":0,"17":0,"18":0,"19":8,"20":0,"21":0,"22":0,"23":8,"24":2,"25":2,"26":2,"27":2,"28":2,"29":8,"30":8,"31":0,"32":0,"33":4},"f":{"0":8,"1":2,"2":0,"3":0,"4":0,"5":0,"6":2,"7":2,"8":0,"9":0},"b":{"0":[0,0],"1":[0,0],"2":[0,0],"3":[0,0],"4":[0,0],"5":[0,0],"6":[0,0],"7":[0,0],"8":[2,0],"9":[8,0]},"_coverageSchema":"1a1c01bbd47fc00a2c39e90264f33305004495a9","hash":"550dbb08f964fac3adb737fa6caeda3373b0b0f7"}
,"/home/carol/Projetos/sd-024-b-project-recipes-app/src/pages/RecipeDrink.js": {"path":"/home/carol/Projetos/sd-024-b-project-recipes-app/src/pages/RecipeDrink.js","statementMap":{"0":{"start":{"line":4,"column":2},"end":{"line":8,"column":4}}},"fnMap":{"0":{"name":"RecipeDrink","decl":{"start":{"line":3,"column":9},"end":{"line":3,"column":20}},"loc":{"start":{"line":3,"column":23},"end":{"line":9,"column":1}},"line":3}},"branchMap":{},"s":{"0":0},"f":{"0":0},"b":{}}
,"/home/carol/Projetos/sd-024-b-project-recipes-app/src/pages/RecipeInProgress.js": {"path":"/home/carol/Projetos/sd-024-b-project-recipes-app/src/pages/RecipeInProgress.js","statementMap":{"0":{"start":{"line":5,"column":2},"end":{"line":7,"column":4}}},"fnMap":{"0":{"name":"RecipeInProgress","decl":{"start":{"line":4,"column":24},"end":{"line":4,"column":40}},"loc":{"start":{"line":4,"column":43},"end":{"line":8,"column":1}},"line":4}},"branchMap":{},"s":{"0":0},"f":{"0":0},"b":{}}
,"/home/carol/Projetos/sd-024-b-project-recipes-app/src/pages/drinkInProgress.js": {"path":"/home/carol/Projetos/sd-024-b-project-recipes-app/src/pages/drinkInProgress.js","statementMap":{"0":{"start":{"line":4,"column":2},"end":{"line":6,"column":4}}},"fnMap":{"0":{"name":"drinkInProgress","decl":{"start":{"line":3,"column":24},"end":{"line":3,"column":39}},"loc":{"start":{"line":3,"column":42},"end":{"line":7,"column":1}},"line":3}},"branchMap":{},"s":{"0":0},"f":{"0":0},"b":{},"_coverageSchema":"1a1c01bbd47fc00a2c39e90264f33305004495a9","hash":"f77f941894ce9b37940e18b17b43ab7521afebdd"}
,"/home/carol/Projetos/sd-024-b-project-recipes-app/src/pages/mealsInProgress.js": {"path":"/home/carol/Projetos/sd-024-b-project-recipes-app/src/pages/mealsInProgress.js","statementMap":{"0":{"start":{"line":4,"column":2},"end":{"line":6,"column":4}}},"fnMap":{"0":{"name":"mealsInProgress","decl":{"start":{"line":3,"column":24},"end":{"line":3,"column":39}},"loc":{"start":{"line":3,"column":42},"end":{"line":7,"column":1}},"line":3}},"branchMap":{},"s":{"0":0},"f":{"0":0},"b":{},"_coverageSchema":"1a1c01bbd47fc00a2c39e90264f33305004495a9","hash":"aeee2a540a9071281f89bdf3ff14db4b825a1f18"}
}
