TN:
SF:src/App.js
FN:15,App
FNF:1
FNH:1
FNDA:13,App
DA:16,13
LF:1
LH:1
BRF:0
BRH:0
end_of_record
TN:
SF:src/components/Carousel.js
FN:5,Carousel
FN:11,(anonymous_1)
FN:16,(anonymous_2)
FN:21,(anonymous_3)
FN:22,(anonymous_4)
FN:30,(anonymous_5)
FN:34,(anonymous_6)
FN:40,(anonymous_7)
FN:43,(anonymous_8)
FN:49,(anonymous_9)
FN:61,(anonymous_10)
FNF:11
FNH:4
FNDA:8,Carousel
FNDA:0,(anonymous_1)
FNDA:2,(anonymous_2)
FNDA:2,(anonymous_3)
FNDA:2,(anonymous_4)
FNDA:0,(anonymous_5)
FNDA:0,(anonymous_6)
FNDA:0,(anonymous_7)
FNDA:0,(anonymous_8)
FNDA:0,(anonymous_9)
FNDA:0,(anonymous_10)
DA:6,8
DA:7,8
DA:9,8
DA:11,8
DA:12,0
DA:13,0
DA:16,8
DA:17,2
DA:18,1
DA:21,8
DA:22,2
DA:23,2
DA:24,2
DA:25,1
DA:27,2
DA:30,8
DA:31,0
DA:32,0
DA:33,0
DA:34,0
DA:35,0
DA:36,0
DA:40,8
DA:41,0
DA:42,0
DA:43,0
DA:44,0
DA:45,0
DA:49,8
DA:50,0
DA:52,8
DA:62,0
LF:32
LH:17
BRDA:24,0,0,2
BRDA:24,0,1,0
BRDA:33,1,0,0
BRDA:33,1,1,0
BRDA:35,2,0,0
BRDA:35,2,1,0
BRDA:42,3,0,0
BRDA:42,3,1,0
BRDA:44,4,0,0
BRDA:44,4,1,0
BRDA:50,5,0,0
BRDA:50,5,1,0
BRF:12
BRH:1
end_of_record
TN:
SF:src/components/CategoryControls.js
FN:6,CategoryControls
FN:16,(anonymous_1)
FN:51,(anonymous_2)
FN:57,(anonymous_3)
FN:67,(anonymous_4)
FNF:5
FNH:4
FNDA:26,CategoryControls
FNDA:2,(anonymous_1)
FNDA:60,(anonymous_2)
FNDA:2,(anonymous_3)
FNDA:0,(anonymous_4)
DA:13,26
DA:16,26
DA:17,2
DA:18,2
DA:19,0
DA:20,0
DA:21,0
DA:22,0
DA:24,2
DA:25,2
DA:26,2
DA:27,2
DA:28,2
DA:29,2
DA:32,2
DA:33,0
DA:34,0
DA:35,0
DA:36,0
DA:37,0
DA:39,0
DA:40,0
DA:41,0
DA:42,0
DA:43,0
DA:44,0
DA:48,26
DA:52,60
DA:57,2
DA:67,0
LF:30
LH:14
BRDA:17,0,0,2
BRDA:17,0,1,0
BRDA:18,1,0,0
BRDA:18,1,1,2
BRDA:18,2,0,2
BRDA:18,2,1,2
BRDA:32,3,0,0
BRDA:32,3,1,2
BRDA:33,4,0,0
BRDA:33,4,1,0
BRDA:33,5,0,0
BRDA:33,5,1,0
BRF:12
BRH:5
end_of_record
TN:
SF:src/components/DoneRecipes.js
FN:9,DoneRecipes
FN:16,(anonymous_1)
FN:25,(anonymous_2)
FN:29,(anonymous_3)
FN:35,(anonymous_4)
FN:47,(anonymous_5)
FN:57,(anonymous_6)
FN:67,(anonymous_7)
FN:75,(anonymous_8)
FN:110,(anonymous_9)
FN:120,(anonymous_10)
FNF:11
FNH:0
FNDA:0,DoneRecipes
FNDA:0,(anonymous_1)
FNDA:0,(anonymous_2)
FNDA:0,(anonymous_3)
FNDA:0,(anonymous_4)
FNDA:0,(anonymous_5)
FNDA:0,(anonymous_6)
FNDA:0,(anonymous_7)
FNDA:0,(anonymous_8)
FNDA:0,(anonymous_9)
FNDA:0,(anonymous_10)
DA:10,0
DA:11,0
DA:12,0
DA:16,0
DA:17,0
DA:18,0
DA:20,0
DA:21,0
DA:25,0
DA:26,0
DA:27,0
DA:28,0
DA:29,0
DA:31,0
DA:33,0
DA:34,0
DA:35,0
DA:37,0
DA:39,0
DA:41,0
DA:48,0
DA:49,0
DA:58,0
DA:59,0
DA:68,0
DA:69,0
DA:76,0
DA:111,0
DA:112,0
DA:121,0
LF:30
LH:0
BRDA:17,0,0,0
BRDA:17,0,1,0
BRDA:20,1,0,0
BRDA:20,1,1,0
BRDA:27,2,0,0
BRDA:27,2,1,0
BRDA:33,3,0,0
BRDA:33,3,1,0
BRDA:79,4,0,0
BRDA:79,4,1,0
BRDA:92,5,0,0
BRDA:92,5,1,0
BRDA:98,6,0,0
BRDA:98,6,1,0
BRDA:115,7,0,0
BRDA:115,7,1,0
BRF:16
BRH:0
end_of_record
TN:
SF:src/components/Footer.js
FN:6,Footer
FN:24,(anonymous_1)
FN:31,(anonymous_2)
FNF:3
FNH:3
FNDA:38,Footer
FNDA:2,(anonymous_1)
FNDA:1,(anonymous_2)
DA:7,38
DA:9,38
DA:14,38
DA:24,2
DA:31,1
LF:5
LH:5
BRF:0
BRH:0
end_of_record
TN:
SF:src/components/Header.js
FN:8,Header
FN:33,(anonymous_1)
FN:49,(anonymous_2)
FNF:3
FNH:3
FNDA:85,Header
FNDA:8,(anonymous_1)
FNDA:39,(anonymous_2)
DA:9,85
DA:10,85
DA:11,85
DA:12,85
DA:33,8
DA:49,39
DA:58,6
LF:7
LH:7
BRDA:29,0,0,79
BRDA:29,0,1,6
BRDA:45,1,0,85
BRDA:45,1,1,53
BRDA:52,2,0,85
BRDA:52,2,1,79
BRF:6
BRH:6
end_of_record
TN:
SF:src/components/Login.js
FN:5,Login
FN:11,(anonymous_1)
FN:16,(anonymous_2)
FN:21,(anonymous_3)
FN:28,(anonymous_4)
FN:46,(anonymous_5)
FN:56,(anonymous_6)
FNF:7
FNH:7
FNDA:299,Login
FNDA:153,(anonymous_1)
FNDA:54,(anonymous_2)
FNDA:5,(anonymous_3)
FNDA:153,(anonymous_4)
FNDA:101,(anonymous_5)
FNDA:45,(anonymous_6)
DA:6,299
DA:7,299
DA:8,299
DA:9,299
DA:11,299
DA:12,153
DA:13,153
DA:16,299
DA:17,54
DA:18,54
DA:21,299
DA:22,5
DA:23,5
DA:24,5
DA:25,5
DA:28,299
DA:29,153
DA:30,9
DA:32,144
DA:36,299
DA:46,101
DA:56,45
LF:22
LH:22
BRDA:29,0,0,9
BRDA:29,0,1,144
BRDA:29,1,0,153
BRDA:29,1,1,54
BRF:4
BRH:4
end_of_record
TN:
SF:src/components/Profile.js
FN:4,Profile
FN:7,(anonymous_1)
FN:14,(anonymous_2)
FNF:3
FNH:3
FNDA:7,Profile
FNDA:6,(anonymous_1)
FNDA:1,(anonymous_2)
DA:5,7
DA:7,7
DA:8,6
DA:9,6
DA:10,1
DA:14,7
DA:15,1
DA:18,7
LF:8
LH:8
BRDA:9,0,0,1
BRDA:9,0,1,5
BRF:2
BRH:2
end_of_record
TN:
SF:src/components/RecipeCard.js
FN:5,RecipeCard
FNF:1
FNH:1
FNDA:80,RecipeCard
DA:6,80
DA:21,5
LF:2
LH:2
BRF:0
BRH:0
end_of_record
TN:
SF:src/components/RecipeDetailCard.js
FN:6,RecipeDetailCard
FN:22,(anonymous_1)
FN:33,(anonymous_2)
FN:50,(anonymous_3)
FN:61,(anonymous_4)
FNF:5
FNH:3
FNDA:8,RecipeDetailCard
FNDA:2,(anonymous_1)
FNDA:40,(anonymous_2)
FNDA:0,(anonymous_3)
FNDA:0,(anonymous_4)
DA:7,8
DA:8,8
DA:9,8
DA:15,8
DA:16,8
DA:18,8
DA:23,2
DA:34,40
DA:51,0
DA:62,0
LF:10
LH:8
BRDA:21,0,0,8
BRDA:21,0,1,0
BRDA:39,1,0,40
BRDA:39,1,1,40
BRDA:40,2,0,40
BRDA:40,2,1,40
BRDA:68,3,0,0
BRDA:68,3,1,0
BRDA:69,4,0,0
BRDA:69,4,1,0
BRF:10
BRH:5
end_of_record
TN:
SF:src/components/Recipes.js
FN:12,Recipes
FN:24,(anonymous_1)
FN:28,(anonymous_2)
FN:32,(anonymous_3)
FN:49,(anonymous_4)
FNF:5
FNH:5
FNDA:26,Recipes
FNDA:11,(anonymous_1)
FNDA:2,(anonymous_2)
FNDA:13,(anonymous_3)
FNDA:68,(anonymous_4)
DA:19,26
DA:22,26
DA:24,26
DA:25,11
DA:28,26
DA:29,2
DA:32,26
DA:33,13
DA:34,13
DA:35,11
DA:36,11
DA:38,13
DA:39,2
DA:40,2
DA:44,26
DA:50,68
LF:16
LH:16
BRDA:34,0,0,11
BRDA:34,0,1,2
BRDA:38,1,0,2
BRDA:38,1,1,11
BRDA:49,2,0,26
BRDA:49,2,1,26
BRDA:51,3,0,60
BRDA:51,3,1,8
BRDA:53,4,0,68
BRDA:53,4,1,8
BRDA:54,5,0,68
BRDA:54,5,1,8
BRDA:55,6,0,68
BRDA:55,6,1,8
BRDA:56,7,0,68
BRDA:56,7,1,8
BRDA:62,8,0,26
BRDA:62,8,1,26
BRDA:62,8,2,20
BRDA:62,8,3,2
BRF:20
BRH:20
end_of_record
TN:
SF:src/components/ResultsByCategories.js
FN:6,ResultsByCategory
FN:9,(anonymous_1)
FN:11,(anonymous_2)
FN:27,(anonymous_3)
FNF:4
FNH:2
FNDA:2,ResultsByCategory
FNDA:2,(anonymous_1)
FNDA:0,(anonymous_2)
FNDA:0,(anonymous_3)
DA:7,2
DA:9,2
DA:10,2
DA:11,0
DA:12,0
DA:26,2
DA:27,0
DA:28,0
DA:43,2
LF:9
LH:5
BRDA:10,0,0,0
BRDA:10,0,1,2
BRDA:10,1,0,2
BRDA:10,1,1,2
BRDA:26,2,0,0
BRDA:26,2,1,2
BRDA:26,3,0,2
BRDA:26,3,1,0
BRF:8
BRH:5
end_of_record
TN:
SF:src/components/SearchBar.js
FN:13,SearchBar
FN:19,(anonymous_1)
FN:23,(anonymous_2)
FN:35,(anonymous_3)
FN:49,(anonymous_4)
FN:64,(anonymous_5)
FNF:6
FNH:6
FNDA:87,SearchBar
FNDA:9,(anonymous_1)
FNDA:5,(anonymous_2)
FNDA:6,(anonymous_3)
FNDA:2,(anonymous_4)
FNDA:13,(anonymous_5)
DA:14,87
DA:15,87
DA:17,87
DA:19,87
DA:20,9
DA:23,87
DA:25,5
DA:26,3
DA:27,2
DA:28,2
DA:30,2
DA:31,1
DA:32,1
DA:35,87
DA:37,6
DA:38,6
DA:39,5
DA:40,5
DA:42,0
DA:43,0
DA:44,0
DA:45,0
DA:49,87
DA:51,2
DA:52,0
DA:53,0
DA:54,0
DA:55,0
DA:57,0
DA:58,0
DA:59,0
DA:61,2
DA:64,87
DA:66,13
DA:68,6
DA:69,5
DA:71,5
DA:72,3
DA:74,2
DA:75,2
DA:76,2
DA:78,0
DA:80,0
DA:82,8
DA:83,0
DA:84,8
DA:85,0
DA:87,8
DA:88,0
DA:92,87
DA:147,6
LF:51
LH:35
BRDA:25,0,0,3
BRDA:25,0,1,2
BRDA:37,1,0,6
BRDA:37,1,1,0
BRDA:42,2,0,0
BRDA:42,2,1,0
BRDA:51,3,0,0
BRDA:51,3,1,2
BRDA:52,4,0,0
BRDA:52,4,1,0
BRDA:66,5,0,6
BRDA:66,5,1,5
BRDA:66,5,2,2
BRDA:66,5,3,0
BRDA:75,6,0,2
BRDA:75,6,1,0
BRDA:75,7,0,2
BRDA:75,7,1,2
BRDA:82,8,0,0
BRDA:82,8,1,8
BRDA:82,9,0,8
BRDA:82,9,1,8
BRDA:82,9,2,7
BRDA:84,10,0,0
BRDA:84,10,1,8
BRDA:84,11,0,8
BRDA:84,11,1,8
BRDA:84,11,2,1
BRDA:87,12,0,0
BRDA:87,12,1,8
BRDA:87,13,0,8
BRDA:87,13,1,1
BRF:32
BRH:21
end_of_record
TN:
SF:src/context/AppContext.js
FNF:0
FNH:0
DA:3,7
LF:1
LH:1
BRF:0
BRH:0
end_of_record
TN:
SF:src/context/AppProvider.js
FN:5,AppProvider
FN:14,(anonymous_1)
FN:32,(anonymous_2)
FN:36,(anonymous_3)
FN:49,(anonymous_4)
FNF:5
FNH:5
FNDA:165,AppProvider
FNDA:156,(anonymous_1)
FNDA:32,(anonymous_2)
FNDA:31,(anonymous_3)
FNDA:1,(anonymous_4)
DA:6,165
DA:7,165
DA:8,165
DA:9,165
DA:10,165
DA:11,165
DA:12,165
DA:14,165
DA:32,165
DA:34,32
DA:35,31
DA:36,31
DA:37,31
DA:38,12
DA:39,12
DA:40,12
DA:41,12
DA:42,12
DA:44,31
DA:47,32
DA:48,1
DA:49,1
DA:50,1
DA:51,1
DA:52,1
DA:53,1
DA:54,1
DA:55,1
DA:57,1
DA:61,165
DA:68,7
LF:31
LH:31
BRDA:34,0,0,31
BRDA:34,0,1,1
BRDA:47,1,0,1
BRDA:47,1,1,31
BRF:4
BRH:4
end_of_record
TN:
SF:src/helpers/API.js
FN:1,mealsIngredientApi
FN:8,mealsNameApi
FN:15,mealsFirstApi
FN:22,drinksIngredientApi
FN:29,drinksNameApi
FN:36,drinksFirstApi
FN:43,mealDetailsApi
FN:50,drinkDetailsApi
FN:57,mealRecommendationApi
FN:65,(anonymous_9)
FN:65,(anonymous_10)
FN:74,drinkRecommendationApi
FN:81,(anonymous_12)
FN:81,(anonymous_13)
FN:90,meals12recipesApi
FN:97,(anonymous_15)
FN:102,drinks12recipesApi
FN:109,(anonymous_17)
FNF:18
FNH:10
FNDA:6,mealsIngredientApi
FNDA:3,mealsNameApi
FNDA:0,mealsFirstApi
FNDA:0,drinksIngredientApi
FNDA:2,drinksNameApi
FNDA:0,drinksFirstApi
FNDA:2,mealDetailsApi
FNDA:0,drinkDetailsApi
FNDA:0,mealRecommendationApi
FNDA:0,(anonymous_9)
FNDA:0,(anonymous_10)
FNDA:2,drinkRecommendationApi
FNDA:25,(anonymous_12)
FNDA:6,(anonymous_13)
FNDA:11,meals12recipesApi
FNDA:150,(anonymous_15)
FNDA:2,drinks12recipesApi
FNDA:0,(anonymous_17)
DA:2,6
DA:3,6
DA:4,5
DA:5,5
DA:9,3
DA:10,3
DA:11,2
DA:12,2
DA:16,0
DA:17,0
DA:18,0
DA:19,0
DA:23,0
DA:24,0
DA:25,0
DA:26,0
DA:30,2
DA:31,2
DA:32,1
DA:33,1
DA:37,0
DA:38,0
DA:39,0
DA:40,0
DA:44,2
DA:45,2
DA:46,2
DA:47,2
DA:51,0
DA:52,0
DA:53,0
DA:54,0
DA:58,0
DA:60,0
DA:61,0
DA:62,0
DA:64,0
DA:65,0
DA:71,0
DA:75,2
DA:76,2
DA:77,1
DA:78,1
DA:80,1
DA:81,25
DA:87,1
DA:91,11
DA:92,11
DA:93,6
DA:94,6
DA:96,6
DA:97,150
DA:99,6
DA:103,2
DA:104,2
DA:105,0
DA:106,0
DA:108,0
DA:109,0
DA:111,0
LF:60
LH:32
BRF:0
BRH:0
end_of_record
TN:
SF:src/pages/DoneRecipesPage.js
FN:5,DoneRecipesPage
FNF:1
FNH:0
FNDA:0,DoneRecipesPage
DA:6,0
LF:1
LH:0
BRF:0
BRH:0
end_of_record
TN:
SF:src/pages/Drinks.js
FN:7,Drinks
FN:13,(anonymous_1)
FNF:2
FNH:1
FNDA:2,Drinks
FNDA:0,(anonymous_1)
DA:8,2
DA:9,2
DA:10,2
DA:14,0
LF:4
LH:3
BRDA:13,0,0,2
BRDA:13,0,1,2
BRF:2
BRH:2
end_of_record
TN:
SF:src/pages/FavoriteRecipes.js
FN:4,FavoriteRecipes
FNF:1
FNH:0
FNDA:0,FavoriteRecipes
DA:5,0
LF:1
LH:0
BRF:0
BRH:0
end_of_record
TN:
SF:src/pages/Meals.js
FN:7,Meals
FN:13,(anonymous_1)
FNF:2
FNH:2
FNDA:5,Meals
FNDA:12,(anonymous_1)
DA:8,5
DA:9,4
DA:10,4
DA:14,12
LF:4
LH:4
BRDA:13,0,0,4
BRDA:13,0,1,4
BRF:2
BRH:2
end_of_record
TN:
SF:src/pages/NotFound.js
FN:3,NotFound
FNF:1
FNH:0
FNDA:0,NotFound
DA:4,0
LF:1
LH:0
BRF:0
BRH:0
end_of_record
TN:
SF:src/pages/ProfilePage.js
FN:6,ProfilePage
FNF:1
FNH:1
FNDA:6,ProfilePage
DA:7,6
LF:1
LH:1
BRF:0
BRH:0
end_of_record
TN:
SF:src/pages/RecipeDetails.js
FN:13,RecipeDetails
FN:19,(anonymous_1)
FN:24,(anonymous_2)
FN:29,(anonymous_3)
FN:38,(anonymous_4)
FN:44,(anonymous_5)
FN:61,(anonymous_6)
FN:62,(anonymous_7)
FN:87,(anonymous_8)
FN:95,(anonymous_9)
FNF:10
FNH:4
FNDA:8,RecipeDetails
FNDA:2,(anonymous_1)
FNDA:0,(anonymous_2)
FNDA:0,(anonymous_3)
FNDA:0,(anonymous_4)
FNDA:0,(anonymous_5)
FNDA:2,(anonymous_6)
FNDA:2,(anonymous_7)
FNDA:0,(anonymous_8)
FNDA:0,(anonymous_9)
DA:14,8
DA:15,8
DA:16,8
DA:17,8
DA:19,8
DA:20,2
DA:21,2
DA:24,8
DA:25,0
DA:26,0
DA:29,8
DA:30,0
DA:31,0
DA:32,0
DA:34,0
DA:38,8
DA:39,0
DA:40,0
DA:41,0
DA:44,8
DA:45,0
DA:46,0
DA:58,0
DA:61,8
DA:62,2
DA:63,2
DA:64,2
DA:67,2
DA:69,2
DA:72,8
DA:77,8
DA:87,0
DA:95,0
DA:111,4
LF:34
LH:20
BRDA:31,0,0,0
BRDA:31,0,1,0
BRDA:45,1,0,0
BRDA:45,1,1,0
BRDA:49,2,0,0
BRDA:49,2,1,0
BRDA:50,3,0,0
BRDA:50,3,1,0
BRDA:51,4,0,0
BRDA:51,4,1,0
BRDA:53,5,0,0
BRDA:53,5,1,0
BRDA:54,6,0,0
BRDA:54,6,1,0
BRDA:55,7,0,0
BRDA:55,7,1,0
BRDA:64,8,0,2
BRDA:64,8,1,0
BRDA:89,9,0,8
BRDA:89,9,1,0
BRF:20
BRH:2
end_of_record
TN:
SF:src/pages/RecipeDrink.js
FN:3,RecipeDrink
FNF:1
FNH:0
FNDA:0,RecipeDrink
DA:4,0
LF:1
LH:0
BRF:0
BRH:0
end_of_record
TN:
SF:src/pages/RecipeInProgress.js
FN:4,RecipeInProgress
FNF:1
FNH:0
FNDA:0,RecipeInProgress
DA:5,0
LF:1
LH:0
BRF:0
BRH:0
end_of_record
TN:
SF:src/pages/drinkInProgress.js
FN:3,drinkInProgress
FNF:1
FNH:0
FNDA:0,drinkInProgress
DA:4,0
LF:1
LH:0
BRF:0
BRH:0
end_of_record
TN:
SF:src/pages/mealsInProgress.js
FN:3,mealsInProgress
FNF:1
FNH:0
FNDA:0,mealsInProgress
DA:4,0
LF:1
LH:0
BRF:0
BRH:0
end_of_record
